{"/Users/shelley/hsbx/vue/src/App.vue": {"path":"/Users/shelley/hsbx/vue/src/App.vue","statementMap":{"0":{"start":{"line":1,"column":1},"end":{"line":34,"column":4}},"1":{"start":{"line":4,"column":0},"end":{"line":6,"column":3}},"2":{"start":{"line":8,"column":14},"end":{"line":8,"column":51}},"3":{"start":{"line":10,"column":15},"end":{"line":10,"column":46}},"4":{"start":{"line":12,"column":39},"end":{"line":12,"column":93}},"5":{"start":{"line":14,"column":0},"end":{"line":23,"column":2}},"6":{"start":{"line":17,"column":4},"end":{"line":17,"column":14}},"7":{"start":{"line":35,"column":0},"end":{"line":35,"column":70}},"8":{"start":{"line":35,"column":31},"end":{"line":35,"column":70}},"9":{"start":{"line":36,"column":24},"end":{"line":36,"column":100}},"10":{"start":{"line":37,"column":0},"end":{"line":37,"column":251}},"11":{"start":{"line":37,"column":54},"end":{"line":37,"column":58}},"12":{"start":{"line":37,"column":66},"end":{"line":37,"column":84}},"13":{"start":{"line":37,"column":92},"end":{"line":37,"column":108}},"14":{"start":{"line":37,"column":109},"end":{"line":37,"column":250}},"15":{"start":{"line":38,"column":0},"end":{"line":38,"column":37}}},"fnMap":{"0":{"name":"(anonymous_0)","decl":{"start":{"line":1,"column":2},"end":{"line":1,"column":3}},"loc":{"start":{"line":1,"column":12},"end":{"line":34,"column":1}},"line":1},"1":{"name":"_interopRequireDefault","decl":{"start":{"line":12,"column":9},"end":{"line":12,"column":31}},"loc":{"start":{"line":12,"column":37},"end":{"line":12,"column":95}},"line":12},"2":{"name":"data","decl":{"start":{"line":16,"column":17},"end":{"line":16,"column":21}},"loc":{"start":{"line":16,"column":24},"end":{"line":18,"column":3}},"line":16},"3":{"name":"render","decl":{"start":{"line":37,"column":35},"end":{"line":37,"column":41}},"loc":{"start":{"line":37,"column":45},"end":{"line":37,"column":251}},"line":37}},"branchMap":{"0":{"loc":{"start":{"line":12,"column":46},"end":{"line":12,"column":92}},"type":"cond-expr","locations":[{"start":{"line":12,"column":70},"end":{"line":12,"column":73}},{"start":{"line":12,"column":76},"end":{"line":12,"column":92}}],"line":12},"1":{"loc":{"start":{"line":12,"column":46},"end":{"line":12,"column":67}},"type":"binary-expr","locations":[{"start":{"line":12,"column":46},"end":{"line":12,"column":49}},{"start":{"line":12,"column":53},"end":{"line":12,"column":67}}],"line":12},"2":{"loc":{"start":{"line":35,"column":0},"end":{"line":35,"column":70}},"type":"if","locations":[{"start":{"line":35,"column":0},"end":{"line":35,"column":70}},{"start":{"line":35,"column":0},"end":{"line":35,"column":70}}],"line":35},"3":{"loc":{"start":{"line":36,"column":24},"end":{"line":36,"column":100}},"type":"cond-expr","locations":[{"start":{"line":36,"column":62},"end":{"line":36,"column":84}},{"start":{"line":36,"column":86},"end":{"line":36,"column":100}}],"line":36},"4":{"loc":{"start":{"line":37,"column":92},"end":{"line":37,"column":108}},"type":"binary-expr","locations":[{"start":{"line":37,"column":92},"end":{"line":37,"column":104}},{"start":{"line":37,"column":106},"end":{"line":37,"column":108}}],"line":37}},"s":{"0":0,"1":0,"2":0,"3":0,"4":0,"5":0,"6":0,"7":0,"8":0,"9":0,"10":0,"11":0,"12":0,"13":0,"14":0,"15":0},"f":{"0":0,"1":0,"2":0,"3":0},"b":{"0":[0,0],"1":[0,0],"2":[0,0],"3":[0,0],"4":[0,0]}}
,"/Users/shelley/hsbx/vue/src/api.js": {"path":"/Users/shelley/hsbx/vue/src/api.js","statementMap":{"0":{"start":{"line":10,"column":2},"end":{"line":13,"column":5}},"1":{"start":{"line":11,"column":4},"end":{"line":11,"column":32}},"2":{"start":{"line":12,"column":4},"end":{"line":12,"column":38}},"3":{"start":{"line":22,"column":2},"end":{"line":27,"column":5}},"4":{"start":{"line":23,"column":4},"end":{"line":23,"column":33}},"5":{"start":{"line":25,"column":4},"end":{"line":25,"column":33}},"6":{"start":{"line":26,"column":4},"end":{"line":26,"column":35}},"7":{"start":{"line":36,"column":2},"end":{"line":41,"column":5}},"8":{"start":{"line":37,"column":4},"end":{"line":37,"column":33}},"9":{"start":{"line":39,"column":4},"end":{"line":39,"column":33}},"10":{"start":{"line":40,"column":4},"end":{"line":40,"column":35}},"11":{"start":{"line":44,"column":0},"end":{"line":47,"column":21}}},"fnMap":{"0":{"name":"getsellers","decl":{"start":{"line":9,"column":9},"end":{"line":9,"column":19}},"loc":{"start":{"line":9,"column":55},"end":{"line":14,"column":1}},"line":9},"1":{"name":"(anonymous_1)","decl":{"start":{"line":10,"column":127},"end":{"line":10,"column":128}},"loc":{"start":{"line":10,"column":143},"end":{"line":13,"column":3}},"line":10},"2":{"name":"getCheckCode","decl":{"start":{"line":21,"column":9},"end":{"line":21,"column":21}},"loc":{"start":{"line":21,"column":55},"end":{"line":28,"column":1}},"line":21},"3":{"name":"(anonymous_3)","decl":{"start":{"line":22,"column":60},"end":{"line":22,"column":61}},"loc":{"start":{"line":22,"column":76},"end":{"line":24,"column":3}},"line":22},"4":{"name":"(anonymous_4)","decl":{"start":{"line":24,"column":5},"end":{"line":24,"column":6}},"loc":{"start":{"line":24,"column":21},"end":{"line":27,"column":3}},"line":24},"5":{"name":"loginIn","decl":{"start":{"line":35,"column":9},"end":{"line":35,"column":16}},"loc":{"start":{"line":35,"column":61},"end":{"line":42,"column":1}},"line":35},"6":{"name":"(anonymous_6)","decl":{"start":{"line":36,"column":84},"end":{"line":36,"column":85}},"loc":{"start":{"line":36,"column":100},"end":{"line":38,"column":3}},"line":36},"7":{"name":"(anonymous_7)","decl":{"start":{"line":38,"column":5},"end":{"line":38,"column":6}},"loc":{"start":{"line":38,"column":21},"end":{"line":41,"column":3}},"line":38}},"branchMap":{},"s":{"0":0,"1":0,"2":0,"3":0,"4":0,"5":0,"6":0,"7":0,"8":0,"9":0,"10":0,"11":0},"f":{"0":0,"1":0,"2":0,"3":0,"4":0,"5":0,"6":0,"7":0},"b":{}}
,"/Users/shelley/hsbx/vue/src/bus.js": {"path":"/Users/shelley/hsbx/vue/src/bus.js","statementMap":{"0":{"start":{"line":1,"column":13},"end":{"line":1,"column":75}},"1":{"start":{"line":1,"column":86},"end":{"line":1,"column":100}},"2":{"start":{"line":1,"column":113},"end":{"line":1,"column":141}},"3":{"start":{"line":1,"column":180},"end":{"line":1,"column":234}},"4":{"start":{"line":2,"column":10},"end":{"line":2,"column":29}},"5":{"start":{"line":2,"column":30},"end":{"line":3,"column":4}}},"fnMap":{"0":{"name":"_interopRequireDefault","decl":{"start":{"line":1,"column":151},"end":{"line":1,"column":173}},"loc":{"start":{"line":1,"column":179},"end":{"line":1,"column":235}},"line":1}},"branchMap":{"0":{"loc":{"start":{"line":1,"column":187},"end":{"line":1,"column":233}},"type":"cond-expr","locations":[{"start":{"line":1,"column":211},"end":{"line":1,"column":214}},{"start":{"line":1,"column":217},"end":{"line":1,"column":233}}],"line":1},"1":{"loc":{"start":{"line":1,"column":187},"end":{"line":1,"column":208}},"type":"binary-expr","locations":[{"start":{"line":1,"column":187},"end":{"line":1,"column":190}},{"start":{"line":1,"column":194},"end":{"line":1,"column":208}}],"line":1}},"s":{"0":0,"1":0,"2":0,"3":0,"4":0,"5":0},"f":{"0":0},"b":{"0":[0,0],"1":[0,0]}}
,"/Users/shelley/hsbx/vue/src/consts.js": {"path":"/Users/shelley/hsbx/vue/src/consts.js","statementMap":{"0":{"start":{"line":2,"column":0},"end":{"line":31,"column":55}}},"fnMap":{},"branchMap":{},"s":{"0":0},"f":{},"b":{}}
,"/Users/shelley/hsbx/vue/src/util.js": {"path":"/Users/shelley/hsbx/vue/src/util.js","statementMap":{"0":{"start":{"line":5,"column":12},"end":{"line":5,"column":32}},"1":{"start":{"line":6,"column":2},"end":{"line":6,"column":46}},"2":{"start":{"line":15,"column":12},"end":{"line":15,"column":36}},"3":{"start":{"line":16,"column":2},"end":{"line":16,"column":23}},"4":{"start":{"line":25,"column":12},"end":{"line":25,"column":24}},"5":{"start":{"line":26,"column":2},"end":{"line":26,"column":23}},"6":{"start":{"line":37,"column":11},"end":{"line":37,"column":25}},"7":{"start":{"line":37,"column":36},"end":{"line":37,"column":51}},"8":{"start":{"line":37,"column":65},"end":{"line":37,"column":83}},"9":{"start":{"line":37,"column":94},"end":{"line":37,"column":109}},"10":{"start":{"line":42,"column":12},"end":{"line":42,"column":35}},"11":{"start":{"line":44,"column":2},"end":{"line":44,"column":95}},"12":{"start":{"line":54,"column":2},"end":{"line":59,"column":18}},"13":{"start":{"line":69,"column":2},"end":{"line":89,"column":9}},"14":{"start":{"line":75,"column":6},"end":{"line":75,"column":51}},"15":{"start":{"line":76,"column":6},"end":{"line":76,"column":33}},"16":{"start":{"line":79,"column":6},"end":{"line":79,"column":51}},"17":{"start":{"line":80,"column":6},"end":{"line":80,"column":33}},"18":{"start":{"line":83,"column":6},"end":{"line":83,"column":55}},"19":{"start":{"line":84,"column":6},"end":{"line":84,"column":35}},"20":{"start":{"line":87,"column":6},"end":{"line":87,"column":57}},"21":{"start":{"line":88,"column":6},"end":{"line":88,"column":36}},"22":{"start":{"line":100,"column":17},"end":{"line":100,"column":28}},"23":{"start":{"line":101,"column":2},"end":{"line":107,"column":3}},"24":{"start":{"line":102,"column":4},"end":{"line":102,"column":25}},"25":{"start":{"line":103,"column":9},"end":{"line":107,"column":3}},"26":{"start":{"line":104,"column":4},"end":{"line":104,"column":25}},"27":{"start":{"line":106,"column":4},"end":{"line":106,"column":19}},"28":{"start":{"line":115,"column":17},"end":{"line":115,"column":28}},"29":{"start":{"line":116,"column":2},"end":{"line":116,"column":50}},"30":{"start":{"line":117,"column":2},"end":{"line":117,"column":43}},"31":{"start":{"line":119,"column":0},"end":{"line":127,"column":29}}},"fnMap":{"0":{"name":"getLocationRouterLast","decl":{"start":{"line":4,"column":9},"end":{"line":4,"column":30}},"loc":{"start":{"line":4,"column":33},"end":{"line":7,"column":1}},"line":4},"1":{"name":"isPhoneNum","decl":{"start":{"line":14,"column":9},"end":{"line":14,"column":19}},"loc":{"start":{"line":14,"column":25},"end":{"line":17,"column":1}},"line":14},"2":{"name":"isCheckCode","decl":{"start":{"line":24,"column":9},"end":{"line":24,"column":20}},"loc":{"start":{"line":24,"column":26},"end":{"line":27,"column":1}},"line":24},"3":{"name":"postAPI","decl":{"start":{"line":36,"column":9},"end":{"line":36,"column":16}},"loc":{"start":{"line":36,"column":26},"end":{"line":45,"column":1}},"line":36},"4":{"name":"showToast","decl":{"start":{"line":53,"column":9},"end":{"line":53,"column":18}},"loc":{"start":{"line":53,"column":41},"end":{"line":61,"column":1}},"line":53},"5":{"name":"showConfirm","decl":{"start":{"line":68,"column":9},"end":{"line":68,"column":20}},"loc":{"start":{"line":68,"column":39},"end":{"line":91,"column":1}},"line":68},"6":{"name":"onShow","decl":{"start":{"line":74,"column":21},"end":{"line":74,"column":27}},"loc":{"start":{"line":74,"column":30},"end":{"line":77,"column":5}},"line":74},"7":{"name":"onHide","decl":{"start":{"line":78,"column":21},"end":{"line":78,"column":27}},"loc":{"start":{"line":78,"column":30},"end":{"line":81,"column":5}},"line":78},"8":{"name":"onCancel","decl":{"start":{"line":82,"column":23},"end":{"line":82,"column":31}},"loc":{"start":{"line":82,"column":34},"end":{"line":85,"column":5}},"line":82},"9":{"name":"onConfirm","decl":{"start":{"line":86,"column":24},"end":{"line":86,"column":33}},"loc":{"start":{"line":86,"column":36},"end":{"line":89,"column":5}},"line":86},"10":{"name":"successDeal","decl":{"start":{"line":99,"column":9},"end":{"line":99,"column":20}},"loc":{"start":{"line":99,"column":53},"end":{"line":108,"column":1}},"line":99},"11":{"name":"failDeal","decl":{"start":{"line":114,"column":9},"end":{"line":114,"column":17}},"loc":{"start":{"line":114,"column":35},"end":{"line":118,"column":1}},"line":114}},"branchMap":{"0":{"loc":{"start":{"line":56,"column":11},"end":{"line":56,"column":27}},"type":"binary-expr","locations":[{"start":{"line":56,"column":11},"end":{"line":56,"column":16}},{"start":{"line":56,"column":20},"end":{"line":56,"column":27}}],"line":56},"1":{"loc":{"start":{"line":70,"column":11},"end":{"line":70,"column":32}},"type":"binary-expr","locations":[{"start":{"line":70,"column":11},"end":{"line":70,"column":24}},{"start":{"line":70,"column":28},"end":{"line":70,"column":32}}],"line":70},"2":{"loc":{"start":{"line":71,"column":13},"end":{"line":71,"column":39}},"type":"binary-expr","locations":[{"start":{"line":71,"column":13},"end":{"line":71,"column":28}},{"start":{"line":71,"column":32},"end":{"line":71,"column":39}}],"line":71},"3":{"loc":{"start":{"line":72,"column":17},"end":{"line":72,"column":44}},"type":"binary-expr","locations":[{"start":{"line":72,"column":17},"end":{"line":72,"column":36}},{"start":{"line":72,"column":40},"end":{"line":72,"column":44}}],"line":72},"4":{"loc":{"start":{"line":73,"column":16},"end":{"line":73,"column":42}},"type":"binary-expr","locations":[{"start":{"line":73,"column":16},"end":{"line":73,"column":34}},{"start":{"line":73,"column":38},"end":{"line":73,"column":42}}],"line":73},"5":{"loc":{"start":{"line":75,"column":6},"end":{"line":75,"column":50}},"type":"binary-expr","locations":[{"start":{"line":75,"column":6},"end":{"line":75,"column":25}},{"start":{"line":75,"column":29},"end":{"line":75,"column":50}}],"line":75},"6":{"loc":{"start":{"line":79,"column":6},"end":{"line":79,"column":50}},"type":"binary-expr","locations":[{"start":{"line":79,"column":6},"end":{"line":79,"column":25}},{"start":{"line":79,"column":29},"end":{"line":79,"column":50}}],"line":79},"7":{"loc":{"start":{"line":83,"column":6},"end":{"line":83,"column":54}},"type":"binary-expr","locations":[{"start":{"line":83,"column":6},"end":{"line":83,"column":27}},{"start":{"line":83,"column":31},"end":{"line":83,"column":54}}],"line":83},"8":{"loc":{"start":{"line":87,"column":6},"end":{"line":87,"column":56}},"type":"binary-expr","locations":[{"start":{"line":87,"column":6},"end":{"line":87,"column":28}},{"start":{"line":87,"column":32},"end":{"line":87,"column":56}}],"line":87},"9":{"loc":{"start":{"line":101,"column":2},"end":{"line":107,"column":3}},"type":"if","locations":[{"start":{"line":101,"column":2},"end":{"line":107,"column":3}},{"start":{"line":101,"column":2},"end":{"line":107,"column":3}}],"line":101},"10":{"loc":{"start":{"line":102,"column":4},"end":{"line":102,"column":24}},"type":"binary-expr","locations":[{"start":{"line":102,"column":4},"end":{"line":102,"column":11}},{"start":{"line":102,"column":15},"end":{"line":102,"column":24}}],"line":102},"11":{"loc":{"start":{"line":103,"column":9},"end":{"line":107,"column":3}},"type":"if","locations":[{"start":{"line":103,"column":9},"end":{"line":107,"column":3}},{"start":{"line":103,"column":9},"end":{"line":107,"column":3}}],"line":103},"12":{"loc":{"start":{"line":104,"column":4},"end":{"line":104,"column":24}},"type":"binary-expr","locations":[{"start":{"line":104,"column":4},"end":{"line":104,"column":11}},{"start":{"line":104,"column":15},"end":{"line":104,"column":24}}],"line":104},"13":{"loc":{"start":{"line":106,"column":4},"end":{"line":106,"column":18}},"type":"binary-expr","locations":[{"start":{"line":106,"column":4},"end":{"line":106,"column":8}},{"start":{"line":106,"column":12},"end":{"line":106,"column":18}}],"line":106}},"s":{"0":0,"1":0,"2":0,"3":0,"4":0,"5":0,"6":0,"7":0,"8":0,"9":0,"10":0,"11":0,"12":0,"13":0,"14":0,"15":0,"16":0,"17":0,"18":0,"19":0,"20":0,"21":0,"22":0,"23":0,"24":0,"25":0,"26":0,"27":0,"28":0,"29":0,"30":0,"31":0},"f":{"0":0,"1":0,"2":0,"3":0,"4":0,"5":0,"6":0,"7":0,"8":0,"9":0,"10":0,"11":0},"b":{"0":[0,0],"1":[0,0],"2":[0,0],"3":[0,0],"4":[0,0],"5":[0,0],"6":[0,0],"7":[0,0],"8":[0,0],"9":[0,0],"10":[0,0],"11":[0,0],"12":[0,0],"13":[0,0]}}
,"/Users/shelley/hsbx/vue/src/components/chunks/Button.vue": {"path":"/Users/shelley/hsbx/vue/src/components/chunks/Button.vue","statementMap":{"0":{"start":{"line":1,"column":1},"end":{"line":39,"column":4}},"1":{"start":{"line":4,"column":0},"end":{"line":6,"column":3}},"2":{"start":{"line":8,"column":11},"end":{"line":8,"column":25}},"3":{"start":{"line":10,"column":0},"end":{"line":31,"column":2}},"4":{"start":{"line":23,"column":4},"end":{"line":25,"column":6}},"5":{"start":{"line":40,"column":0},"end":{"line":40,"column":70}},"6":{"start":{"line":40,"column":31},"end":{"line":40,"column":70}},"7":{"start":{"line":41,"column":24},"end":{"line":41,"column":100}},"8":{"start":{"line":42,"column":0},"end":{"line":42,"column":351}},"9":{"start":{"line":42,"column":54},"end":{"line":42,"column":58}},"10":{"start":{"line":42,"column":66},"end":{"line":42,"column":84}},"11":{"start":{"line":42,"column":92},"end":{"line":42,"column":108}},"12":{"start":{"line":42,"column":109},"end":{"line":42,"column":350}},"13":{"start":{"line":42,"column":289},"end":{"line":42,"column":313}},"14":{"start":{"line":43,"column":0},"end":{"line":43,"column":37}}},"fnMap":{"0":{"name":"(anonymous_0)","decl":{"start":{"line":1,"column":2},"end":{"line":1,"column":3}},"loc":{"start":{"line":1,"column":12},"end":{"line":39,"column":1}},"line":1},"1":{"name":"value","decl":{"start":{"line":15,"column":22},"end":{"line":15,"column":27}},"loc":{"start":{"line":15,"column":30},"end":{"line":15,"column":32}},"line":15},"2":{"name":"data","decl":{"start":{"line":22,"column":17},"end":{"line":22,"column":21}},"loc":{"start":{"line":22,"column":24},"end":{"line":26,"column":3}},"line":22},"3":{"name":"render","decl":{"start":{"line":42,"column":35},"end":{"line":42,"column":41}},"loc":{"start":{"line":42,"column":45},"end":{"line":42,"column":351}},"line":42},"4":{"name":"(anonymous_4)","decl":{"start":{"line":42,"column":272},"end":{"line":42,"column":273}},"loc":{"start":{"line":42,"column":288},"end":{"line":42,"column":314}},"line":42}},"branchMap":{"0":{"loc":{"start":{"line":40,"column":0},"end":{"line":40,"column":70}},"type":"if","locations":[{"start":{"line":40,"column":0},"end":{"line":40,"column":70}},{"start":{"line":40,"column":0},"end":{"line":40,"column":70}}],"line":40},"1":{"loc":{"start":{"line":41,"column":24},"end":{"line":41,"column":100}},"type":"cond-expr","locations":[{"start":{"line":41,"column":62},"end":{"line":41,"column":84}},{"start":{"line":41,"column":86},"end":{"line":41,"column":100}}],"line":41},"2":{"loc":{"start":{"line":42,"column":92},"end":{"line":42,"column":108}},"type":"binary-expr","locations":[{"start":{"line":42,"column":92},"end":{"line":42,"column":104}},{"start":{"line":42,"column":106},"end":{"line":42,"column":108}}],"line":42}},"s":{"0":0,"1":0,"2":0,"3":0,"4":0,"5":0,"6":0,"7":0,"8":0,"9":0,"10":0,"11":0,"12":0,"13":0,"14":0},"f":{"0":0,"1":0,"2":0,"3":0,"4":0},"b":{"0":[0,0],"1":[0,0],"2":[0,0]}}
,"/Users/shelley/hsbx/vue/src/components/chunks/Flow.vue": {"path":"/Users/shelley/hsbx/vue/src/components/chunks/Flow.vue","statementMap":{"0":{"start":{"line":1,"column":1},"end":{"line":58,"column":4}},"1":{"start":{"line":4,"column":0},"end":{"line":6,"column":3}},"2":{"start":{"line":8,"column":11},"end":{"line":8,"column":25}},"3":{"start":{"line":10,"column":0},"end":{"line":49,"column":2}},"4":{"start":{"line":23,"column":4},"end":{"line":26,"column":6}},"5":{"start":{"line":29,"column":4},"end":{"line":29,"column":27}},"6":{"start":{"line":30,"column":4},"end":{"line":30,"column":24}},"7":{"start":{"line":35,"column":6},"end":{"line":35,"column":39}},"8":{"start":{"line":36,"column":17},"end":{"line":36,"column":53}},"9":{"start":{"line":37,"column":6},"end":{"line":37,"column":39}},"10":{"start":{"line":40,"column":6},"end":{"line":40,"column":42}},"11":{"start":{"line":41,"column":17},"end":{"line":41,"column":53}},"12":{"start":{"line":42,"column":6},"end":{"line":42,"column":36}},"13":{"start":{"line":59,"column":0},"end":{"line":59,"column":70}},"14":{"start":{"line":59,"column":31},"end":{"line":59,"column":70}},"15":{"start":{"line":60,"column":24},"end":{"line":60,"column":100}},"16":{"start":{"line":61,"column":0},"end":{"line":61,"column":553}},"17":{"start":{"line":61,"column":54},"end":{"line":61,"column":58}},"18":{"start":{"line":61,"column":66},"end":{"line":61,"column":84}},"19":{"start":{"line":61,"column":92},"end":{"line":61,"column":108}},"20":{"start":{"line":61,"column":109},"end":{"line":61,"column":552}},"21":{"start":{"line":62,"column":0},"end":{"line":62,"column":37}}},"fnMap":{"0":{"name":"(anonymous_0)","decl":{"start":{"line":1,"column":2},"end":{"line":1,"column":3}},"loc":{"start":{"line":1,"column":12},"end":{"line":58,"column":1}},"line":1},"1":{"name":"data","decl":{"start":{"line":22,"column":17},"end":{"line":22,"column":21}},"loc":{"start":{"line":22,"column":24},"end":{"line":27,"column":3}},"line":22},"2":{"name":"created","decl":{"start":{"line":28,"column":20},"end":{"line":28,"column":27}},"loc":{"start":{"line":28,"column":30},"end":{"line":31,"column":3}},"line":28},"3":{"name":"success","decl":{"start":{"line":34,"column":22},"end":{"line":34,"column":29}},"loc":{"start":{"line":34,"column":40},"end":{"line":38,"column":5}},"line":34},"4":{"name":"error","decl":{"start":{"line":39,"column":20},"end":{"line":39,"column":25}},"loc":{"start":{"line":39,"column":41},"end":{"line":43,"column":5}},"line":39},"5":{"name":"render","decl":{"start":{"line":61,"column":35},"end":{"line":61,"column":41}},"loc":{"start":{"line":61,"column":45},"end":{"line":61,"column":553}},"line":61}},"branchMap":{"0":{"loc":{"start":{"line":59,"column":0},"end":{"line":59,"column":70}},"type":"if","locations":[{"start":{"line":59,"column":0},"end":{"line":59,"column":70}},{"start":{"line":59,"column":0},"end":{"line":59,"column":70}}],"line":59},"1":{"loc":{"start":{"line":60,"column":24},"end":{"line":60,"column":100}},"type":"cond-expr","locations":[{"start":{"line":60,"column":62},"end":{"line":60,"column":84}},{"start":{"line":60,"column":86},"end":{"line":60,"column":100}}],"line":60},"2":{"loc":{"start":{"line":61,"column":92},"end":{"line":61,"column":108}},"type":"binary-expr","locations":[{"start":{"line":61,"column":92},"end":{"line":61,"column":104}},{"start":{"line":61,"column":106},"end":{"line":61,"column":108}}],"line":61}},"s":{"0":0,"1":0,"2":0,"3":0,"4":0,"5":0,"6":0,"7":0,"8":0,"9":0,"10":0,"11":0,"12":0,"13":0,"14":0,"15":0,"16":0,"17":0,"18":0,"19":0,"20":0,"21":0},"f":{"0":0,"1":0,"2":0,"3":0,"4":0,"5":0},"b":{"0":[0,0],"1":[0,0],"2":[0,0]}}
,"/Users/shelley/hsbx/vue/src/components/chunks/FlowStep.vue": {"path":"/Users/shelley/hsbx/vue/src/components/chunks/FlowStep.vue","statementMap":{"0":{"start":{"line":1,"column":1},"end":{"line":79,"column":4}},"1":{"start":{"line":4,"column":0},"end":{"line":6,"column":3}},"2":{"start":{"line":8,"column":11},"end":{"line":8,"column":25}},"3":{"start":{"line":10,"column":11},"end":{"line":10,"column":31}},"4":{"start":{"line":12,"column":12},"end":{"line":12,"column":40}},"5":{"start":{"line":14,"column":39},"end":{"line":14,"column":93}},"6":{"start":{"line":34,"column":0},"end":{"line":78,"column":2}},"7":{"start":{"line":37,"column":16},"end":{"line":37,"column":20}},"8":{"start":{"line":39,"column":4},"end":{"line":44,"column":7}},"9":{"start":{"line":40,"column":6},"end":{"line":40,"column":38}},"10":{"start":{"line":41,"column":6},"end":{"line":41,"column":39}},"11":{"start":{"line":42,"column":6},"end":{"line":42,"column":33}},"12":{"start":{"line":43,"column":6},"end":{"line":43,"column":35}},"13":{"start":{"line":45,"column":4},"end":{"line":49,"column":7}},"14":{"start":{"line":46,"column":6},"end":{"line":46,"column":38}},"15":{"start":{"line":47,"column":6},"end":{"line":47,"column":35}},"16":{"start":{"line":48,"column":6},"end":{"line":48,"column":35}},"17":{"start":{"line":52,"column":4},"end":{"line":70,"column":6}},"18":{"start":{"line":68,"column":8},"end":{"line":68,"column":21}},"19":{"start":{"line":80,"column":0},"end":{"line":80,"column":70}},"20":{"start":{"line":80,"column":31},"end":{"line":80,"column":70}},"21":{"start":{"line":81,"column":24},"end":{"line":81,"column":100}},"22":{"start":{"line":82,"column":0},"end":{"line":82,"column":924}},"23":{"start":{"line":82,"column":54},"end":{"line":82,"column":58}},"24":{"start":{"line":82,"column":66},"end":{"line":82,"column":84}},"25":{"start":{"line":82,"column":92},"end":{"line":82,"column":108}},"26":{"start":{"line":82,"column":109},"end":{"line":82,"column":923}},"27":{"start":{"line":83,"column":0},"end":{"line":83,"column":37}}},"fnMap":{"0":{"name":"(anonymous_0)","decl":{"start":{"line":1,"column":2},"end":{"line":1,"column":3}},"loc":{"start":{"line":1,"column":12},"end":{"line":79,"column":1}},"line":1},"1":{"name":"_interopRequireDefault","decl":{"start":{"line":14,"column":9},"end":{"line":14,"column":31}},"loc":{"start":{"line":14,"column":37},"end":{"line":14,"column":95}},"line":14},"2":{"name":"created","decl":{"start":{"line":36,"column":20},"end":{"line":36,"column":27}},"loc":{"start":{"line":36,"column":30},"end":{"line":50,"column":3}},"line":36},"3":{"name":"(anonymous_3)","decl":{"start":{"line":39,"column":33},"end":{"line":39,"column":34}},"loc":{"start":{"line":39,"column":53},"end":{"line":44,"column":5}},"line":39},"4":{"name":"(anonymous_4)","decl":{"start":{"line":45,"column":33},"end":{"line":45,"column":34}},"loc":{"start":{"line":45,"column":53},"end":{"line":49,"column":5}},"line":45},"5":{"name":"data","decl":{"start":{"line":51,"column":17},"end":{"line":51,"column":21}},"loc":{"start":{"line":51,"column":24},"end":{"line":71,"column":3}},"line":51},"6":{"name":"showText","decl":{"start":{"line":67,"column":25},"end":{"line":67,"column":33}},"loc":{"start":{"line":67,"column":41},"end":{"line":69,"column":7}},"line":67},"7":{"name":"render","decl":{"start":{"line":82,"column":35},"end":{"line":82,"column":41}},"loc":{"start":{"line":82,"column":45},"end":{"line":82,"column":924}},"line":82}},"branchMap":{"0":{"loc":{"start":{"line":14,"column":46},"end":{"line":14,"column":92}},"type":"cond-expr","locations":[{"start":{"line":14,"column":70},"end":{"line":14,"column":73}},{"start":{"line":14,"column":76},"end":{"line":14,"column":92}}],"line":14},"1":{"loc":{"start":{"line":14,"column":46},"end":{"line":14,"column":67}},"type":"binary-expr","locations":[{"start":{"line":14,"column":46},"end":{"line":14,"column":49}},{"start":{"line":14,"column":53},"end":{"line":14,"column":67}}],"line":14},"2":{"loc":{"start":{"line":80,"column":0},"end":{"line":80,"column":70}},"type":"if","locations":[{"start":{"line":80,"column":0},"end":{"line":80,"column":70}},{"start":{"line":80,"column":0},"end":{"line":80,"column":70}}],"line":80},"3":{"loc":{"start":{"line":81,"column":24},"end":{"line":81,"column":100}},"type":"cond-expr","locations":[{"start":{"line":81,"column":62},"end":{"line":81,"column":84}},{"start":{"line":81,"column":86},"end":{"line":81,"column":100}}],"line":81},"4":{"loc":{"start":{"line":82,"column":92},"end":{"line":82,"column":108}},"type":"binary-expr","locations":[{"start":{"line":82,"column":92},"end":{"line":82,"column":104}},{"start":{"line":82,"column":106},"end":{"line":82,"column":108}}],"line":82},"5":{"loc":{"start":{"line":82,"column":268},"end":{"line":82,"column":354}},"type":"cond-expr","locations":[{"start":{"line":82,"column":290},"end":{"line":82,"column":345}},{"start":{"line":82,"column":346},"end":{"line":82,"column":354}}],"line":82},"6":{"loc":{"start":{"line":82,"column":367},"end":{"line":82,"column":461}},"type":"cond-expr","locations":[{"start":{"line":82,"column":390},"end":{"line":82,"column":452}},{"start":{"line":82,"column":453},"end":{"line":82,"column":461}}],"line":82},"7":{"loc":{"start":{"line":82,"column":600},"end":{"line":82,"column":686}},"type":"cond-expr","locations":[{"start":{"line":82,"column":622},"end":{"line":82,"column":677}},{"start":{"line":82,"column":678},"end":{"line":82,"column":686}}],"line":82},"8":{"loc":{"start":{"line":82,"column":699},"end":{"line":82,"column":793}},"type":"cond-expr","locations":[{"start":{"line":82,"column":722},"end":{"line":82,"column":784}},{"start":{"line":82,"column":785},"end":{"line":82,"column":793}}],"line":82}},"s":{"0":0,"1":0,"2":0,"3":0,"4":0,"5":0,"6":0,"7":0,"8":0,"9":0,"10":0,"11":0,"12":0,"13":0,"14":0,"15":0,"16":0,"17":0,"18":0,"19":0,"20":0,"21":0,"22":0,"23":0,"24":0,"25":0,"26":0,"27":0},"f":{"0":0,"1":0,"2":0,"3":0,"4":0,"5":0,"6":0,"7":0},"b":{"0":[0,0],"1":[0,0],"2":[0,0],"3":[0,0],"4":[0,0],"5":[0,0],"6":[0,0],"7":[0,0],"8":[0,0]}}
,"/Users/shelley/hsbx/vue/src/components/chunks/Menu.vue": {"path":"/Users/shelley/hsbx/vue/src/components/chunks/Menu.vue","statementMap":{"0":{"start":{"line":1,"column":1},"end":{"line":203,"column":4}},"1":{"start":{"line":4,"column":0},"end":{"line":6,"column":3}},"2":{"start":{"line":8,"column":11},"end":{"line":8,"column":25}},"3":{"start":{"line":10,"column":12},"end":{"line":10,"column":33}},"4":{"start":{"line":12,"column":11},"end":{"line":12,"column":31}},"5":{"start":{"line":14,"column":12},"end":{"line":14,"column":40}},"6":{"start":{"line":16,"column":39},"end":{"line":16,"column":93}},"7":{"start":{"line":18,"column":0},"end":{"line":112,"column":2}},"8":{"start":{"line":21,"column":4},"end":{"line":21,"column":14}},"9":{"start":{"line":27,"column":6},"end":{"line":27,"column":37}},"10":{"start":{"line":31,"column":6},"end":{"line":31,"column":54}},"11":{"start":{"line":35,"column":6},"end":{"line":35,"column":48}},"12":{"start":{"line":39,"column":6},"end":{"line":39,"column":50}},"13":{"start":{"line":43,"column":6},"end":{"line":43,"column":44}},"14":{"start":{"line":47,"column":6},"end":{"line":47,"column":53}},"15":{"start":{"line":51,"column":6},"end":{"line":51,"column":49}},"16":{"start":{"line":55,"column":6},"end":{"line":55,"column":48}},"17":{"start":{"line":59,"column":17},"end":{"line":59,"column":57}},"18":{"start":{"line":60,"column":6},"end":{"line":62,"column":9}},"19":{"start":{"line":61,"column":8},"end":{"line":61,"column":24}},"20":{"start":{"line":63,"column":6},"end":{"line":100,"column":7}},"21":{"start":{"line":65,"column":8},"end":{"line":70,"column":9}},"22":{"start":{"line":66,"column":10},"end":{"line":66,"column":36}},"23":{"start":{"line":69,"column":10},"end":{"line":69,"column":38}},"24":{"start":{"line":74,"column":8},"end":{"line":99,"column":9}},"25":{"start":{"line":76,"column":10},"end":{"line":95,"column":11}},"26":{"start":{"line":78,"column":23},"end":{"line":78,"column":27}},"27":{"start":{"line":79,"column":30},"end":{"line":91,"column":13}},"28":{"start":{"line":88,"column":16},"end":{"line":88,"column":48}},"29":{"start":{"line":91,"column":14},"end":{"line":91,"column":56}},"30":{"start":{"line":94,"column":12},"end":{"line":94,"column":38}},"31":{"start":{"line":98,"column":10},"end":{"line":98,"column":38}},"32":{"start":{"line":204,"column":0},"end":{"line":204,"column":70}},"33":{"start":{"line":204,"column":31},"end":{"line":204,"column":70}},"34":{"start":{"line":205,"column":24},"end":{"line":205,"column":100}},"35":{"start":{"line":206,"column":0},"end":{"line":206,"column":2758}},"36":{"start":{"line":206,"column":54},"end":{"line":206,"column":58}},"37":{"start":{"line":206,"column":66},"end":{"line":206,"column":84}},"38":{"start":{"line":206,"column":92},"end":{"line":206,"column":108}},"39":{"start":{"line":206,"column":109},"end":{"line":206,"column":2757}},"40":{"start":{"line":207,"column":0},"end":{"line":207,"column":37}}},"fnMap":{"0":{"name":"(anonymous_0)","decl":{"start":{"line":1,"column":2},"end":{"line":1,"column":3}},"loc":{"start":{"line":1,"column":12},"end":{"line":203,"column":1}},"line":1},"1":{"name":"_interopRequireDefault","decl":{"start":{"line":16,"column":9},"end":{"line":16,"column":31}},"loc":{"start":{"line":16,"column":37},"end":{"line":16,"column":95}},"line":16},"2":{"name":"data","decl":{"start":{"line":20,"column":17},"end":{"line":20,"column":21}},"loc":{"start":{"line":20,"column":24},"end":{"line":22,"column":3}},"line":20},"3":{"name":"scanPay","decl":{"start":{"line":26,"column":22},"end":{"line":26,"column":29}},"loc":{"start":{"line":26,"column":32},"end":{"line":28,"column":5}},"line":26},"4":{"name":"insuranceAccount","decl":{"start":{"line":30,"column":31},"end":{"line":30,"column":47}},"loc":{"start":{"line":30,"column":50},"end":{"line":32,"column":5}},"line":30},"5":{"name":"lipyRecord","decl":{"start":{"line":34,"column":25},"end":{"line":34,"column":35}},"loc":{"start":{"line":34,"column":38},"end":{"line":36,"column":5}},"line":34},"6":{"name":"aroundSeller","decl":{"start":{"line":38,"column":27},"end":{"line":38,"column":39}},"loc":{"start":{"line":38,"column":42},"end":{"line":40,"column":5}},"line":38},"7":{"name":"fastPy","decl":{"start":{"line":42,"column":21},"end":{"line":42,"column":27}},"loc":{"start":{"line":42,"column":30},"end":{"line":44,"column":5}},"line":42},"8":{"name":"insuranceCredit","decl":{"start":{"line":46,"column":30},"end":{"line":46,"column":45}},"loc":{"start":{"line":46,"column":48},"end":{"line":48,"column":5}},"line":46},"9":{"name":"coastDetail","decl":{"start":{"line":50,"column":26},"end":{"line":50,"column":37}},"loc":{"start":{"line":50,"column":40},"end":{"line":52,"column":5}},"line":50},"10":{"name":"onlineShop","decl":{"start":{"line":54,"column":25},"end":{"line":54,"column":35}},"loc":{"start":{"line":54,"column":38},"end":{"line":56,"column":5}},"line":54},"11":{"name":"isLoginOrRealCheck","decl":{"start":{"line":58,"column":33},"end":{"line":58,"column":51}},"loc":{"start":{"line":58,"column":66},"end":{"line":101,"column":5}},"line":58},"12":{"name":"(anonymous_12)","decl":{"start":{"line":60,"column":39},"end":{"line":60,"column":40}},"loc":{"start":{"line":60,"column":59},"end":{"line":62,"column":7}},"line":60},"13":{"name":"showHandler","decl":{"start":{"line":84,"column":36},"end":{"line":84,"column":47}},"loc":{"start":{"line":84,"column":50},"end":{"line":84,"column":52}},"line":84},"14":{"name":"hideHandler","decl":{"start":{"line":85,"column":36},"end":{"line":85,"column":47}},"loc":{"start":{"line":85,"column":50},"end":{"line":85,"column":52}},"line":85},"15":{"name":"cancelHandler","decl":{"start":{"line":86,"column":38},"end":{"line":86,"column":51}},"loc":{"start":{"line":86,"column":54},"end":{"line":86,"column":56}},"line":86},"16":{"name":"confirmHandler","decl":{"start":{"line":87,"column":39},"end":{"line":87,"column":53}},"loc":{"start":{"line":87,"column":56},"end":{"line":89,"column":15}},"line":87},"17":{"name":"render","decl":{"start":{"line":206,"column":35},"end":{"line":206,"column":41}},"loc":{"start":{"line":206,"column":45},"end":{"line":206,"column":2758}},"line":206}},"branchMap":{"0":{"loc":{"start":{"line":16,"column":46},"end":{"line":16,"column":92}},"type":"cond-expr","locations":[{"start":{"line":16,"column":70},"end":{"line":16,"column":73}},{"start":{"line":16,"column":76},"end":{"line":16,"column":92}}],"line":16},"1":{"loc":{"start":{"line":16,"column":46},"end":{"line":16,"column":67}},"type":"binary-expr","locations":[{"start":{"line":16,"column":46},"end":{"line":16,"column":49}},{"start":{"line":16,"column":53},"end":{"line":16,"column":67}}],"line":16},"2":{"loc":{"start":{"line":63,"column":6},"end":{"line":100,"column":7}},"type":"if","locations":[{"start":{"line":63,"column":6},"end":{"line":100,"column":7}},{"start":{"line":63,"column":6},"end":{"line":100,"column":7}}],"line":63},"3":{"loc":{"start":{"line":65,"column":8},"end":{"line":70,"column":9}},"type":"if","locations":[{"start":{"line":65,"column":8},"end":{"line":70,"column":9}},{"start":{"line":65,"column":8},"end":{"line":70,"column":9}}],"line":65},"4":{"loc":{"start":{"line":74,"column":8},"end":{"line":99,"column":9}},"type":"if","locations":[{"start":{"line":74,"column":8},"end":{"line":99,"column":9}},{"start":{"line":74,"column":8},"end":{"line":99,"column":9}}],"line":74},"5":{"loc":{"start":{"line":76,"column":10},"end":{"line":95,"column":11}},"type":"if","locations":[{"start":{"line":76,"column":10},"end":{"line":95,"column":11}},{"start":{"line":76,"column":10},"end":{"line":95,"column":11}}],"line":76},"6":{"loc":{"start":{"line":204,"column":0},"end":{"line":204,"column":70}},"type":"if","locations":[{"start":{"line":204,"column":0},"end":{"line":204,"column":70}},{"start":{"line":204,"column":0},"end":{"line":204,"column":70}}],"line":204},"7":{"loc":{"start":{"line":205,"column":24},"end":{"line":205,"column":100}},"type":"cond-expr","locations":[{"start":{"line":205,"column":62},"end":{"line":205,"column":84}},{"start":{"line":205,"column":86},"end":{"line":205,"column":100}}],"line":205},"8":{"loc":{"start":{"line":206,"column":92},"end":{"line":206,"column":108}},"type":"binary-expr","locations":[{"start":{"line":206,"column":92},"end":{"line":206,"column":104}},{"start":{"line":206,"column":106},"end":{"line":206,"column":108}}],"line":206}},"s":{"0":0,"1":0,"2":0,"3":0,"4":0,"5":0,"6":0,"7":0,"8":0,"9":0,"10":0,"11":0,"12":0,"13":0,"14":0,"15":0,"16":0,"17":0,"18":0,"19":0,"20":0,"21":0,"22":0,"23":0,"24":0,"25":0,"26":0,"27":0,"28":0,"29":0,"30":0,"31":0,"32":0,"33":0,"34":0,"35":0,"36":0,"37":0,"38":0,"39":0,"40":0},"f":{"0":0,"1":0,"2":0,"3":0,"4":0,"5":0,"6":0,"7":0,"8":0,"9":0,"10":0,"11":0,"12":0,"13":0,"14":0,"15":0,"16":0,"17":0},"b":{"0":[0,0],"1":[0,0],"2":[0,0],"3":[0,0],"4":[0,0],"5":[0,0],"6":[0,0],"7":[0,0],"8":[0,0]}}
,"/Users/shelley/hsbx/vue/src/components/chunks/Swiper.vue": {"path":"/Users/shelley/hsbx/vue/src/components/chunks/Swiper.vue","statementMap":{"0":{"start":{"line":1,"column":1},"end":{"line":42,"column":4}},"1":{"start":{"line":4,"column":0},"end":{"line":6,"column":3}},"2":{"start":{"line":8,"column":11},"end":{"line":8,"column":25}},"3":{"start":{"line":10,"column":0},"end":{"line":35,"column":2}},"4":{"start":{"line":19,"column":4},"end":{"line":21,"column":6}},"5":{"start":{"line":24,"column":4},"end":{"line":29,"column":7}},"6":{"start":{"line":25,"column":6},"end":{"line":28,"column":8}},"7":{"start":{"line":43,"column":0},"end":{"line":43,"column":70}},"8":{"start":{"line":43,"column":31},"end":{"line":43,"column":70}},"9":{"start":{"line":44,"column":24},"end":{"line":44,"column":100}},"10":{"start":{"line":45,"column":0},"end":{"line":45,"column":332}},"11":{"start":{"line":45,"column":54},"end":{"line":45,"column":58}},"12":{"start":{"line":45,"column":66},"end":{"line":45,"column":84}},"13":{"start":{"line":45,"column":92},"end":{"line":45,"column":108}},"14":{"start":{"line":45,"column":109},"end":{"line":45,"column":331}},"15":{"start":{"line":46,"column":0},"end":{"line":46,"column":37}}},"fnMap":{"0":{"name":"(anonymous_0)","decl":{"start":{"line":1,"column":2},"end":{"line":1,"column":3}},"loc":{"start":{"line":1,"column":12},"end":{"line":42,"column":1}},"line":1},"1":{"name":"data","decl":{"start":{"line":18,"column":17},"end":{"line":18,"column":21}},"loc":{"start":{"line":18,"column":24},"end":{"line":22,"column":3}},"line":18},"2":{"name":"created","decl":{"start":{"line":23,"column":20},"end":{"line":23,"column":27}},"loc":{"start":{"line":23,"column":30},"end":{"line":30,"column":3}},"line":23},"3":{"name":"(anonymous_3)","decl":{"start":{"line":24,"column":36},"end":{"line":24,"column":37}},"loc":{"start":{"line":24,"column":58},"end":{"line":29,"column":5}},"line":24},"4":{"name":"render","decl":{"start":{"line":45,"column":35},"end":{"line":45,"column":41}},"loc":{"start":{"line":45,"column":45},"end":{"line":45,"column":332}},"line":45}},"branchMap":{"0":{"loc":{"start":{"line":43,"column":0},"end":{"line":43,"column":70}},"type":"if","locations":[{"start":{"line":43,"column":0},"end":{"line":43,"column":70}},{"start":{"line":43,"column":0},"end":{"line":43,"column":70}}],"line":43},"1":{"loc":{"start":{"line":44,"column":24},"end":{"line":44,"column":100}},"type":"cond-expr","locations":[{"start":{"line":44,"column":62},"end":{"line":44,"column":84}},{"start":{"line":44,"column":86},"end":{"line":44,"column":100}}],"line":44},"2":{"loc":{"start":{"line":45,"column":92},"end":{"line":45,"column":108}},"type":"binary-expr","locations":[{"start":{"line":45,"column":92},"end":{"line":45,"column":104}},{"start":{"line":45,"column":106},"end":{"line":45,"column":108}}],"line":45}},"s":{"0":0,"1":0,"2":0,"3":0,"4":0,"5":0,"6":0,"7":0,"8":0,"9":0,"10":0,"11":0,"12":0,"13":0,"14":0,"15":0},"f":{"0":0,"1":0,"2":0,"3":0,"4":0},"b":{"0":[0,0],"1":[0,0],"2":[0,0]}}
,"/Users/shelley/hsbx/vue/src/components/chunks/TabBar.vue": {"path":"/Users/shelley/hsbx/vue/src/components/chunks/TabBar.vue","statementMap":{"0":{"start":{"line":1,"column":1},"end":{"line":45,"column":4}},"1":{"start":{"line":4,"column":0},"end":{"line":6,"column":3}},"2":{"start":{"line":8,"column":11},"end":{"line":8,"column":25}},"3":{"start":{"line":10,"column":0},"end":{"line":33,"column":2}},"4":{"start":{"line":19,"column":4},"end":{"line":21,"column":6}},"5":{"start":{"line":24,"column":4},"end":{"line":24,"column":30}},"6":{"start":{"line":46,"column":0},"end":{"line":46,"column":70}},"7":{"start":{"line":46,"column":31},"end":{"line":46,"column":70}},"8":{"start":{"line":47,"column":24},"end":{"line":47,"column":100}},"9":{"start":{"line":48,"column":0},"end":{"line":48,"column":536}},"10":{"start":{"line":48,"column":54},"end":{"line":48,"column":58}},"11":{"start":{"line":48,"column":66},"end":{"line":48,"column":84}},"12":{"start":{"line":48,"column":92},"end":{"line":48,"column":108}},"13":{"start":{"line":48,"column":109},"end":{"line":48,"column":535}},"14":{"start":{"line":48,"column":202},"end":{"line":48,"column":528}},"15":{"start":{"line":49,"column":0},"end":{"line":49,"column":37}}},"fnMap":{"0":{"name":"(anonymous_0)","decl":{"start":{"line":1,"column":2},"end":{"line":1,"column":3}},"loc":{"start":{"line":1,"column":12},"end":{"line":45,"column":1}},"line":1},"1":{"name":"data","decl":{"start":{"line":18,"column":17},"end":{"line":18,"column":21}},"loc":{"start":{"line":18,"column":24},"end":{"line":22,"column":3}},"line":18},"2":{"name":"created","decl":{"start":{"line":23,"column":20},"end":{"line":23,"column":27}},"loc":{"start":{"line":23,"column":30},"end":{"line":25,"column":3}},"line":23},"3":{"name":"render","decl":{"start":{"line":48,"column":35},"end":{"line":48,"column":41}},"loc":{"start":{"line":48,"column":45},"end":{"line":48,"column":536}},"line":48},"4":{"name":"(anonymous_4)","decl":{"start":{"line":48,"column":181},"end":{"line":48,"column":182}},"loc":{"start":{"line":48,"column":201},"end":{"line":48,"column":529}},"line":48}},"branchMap":{"0":{"loc":{"start":{"line":46,"column":0},"end":{"line":46,"column":70}},"type":"if","locations":[{"start":{"line":46,"column":0},"end":{"line":46,"column":70}},{"start":{"line":46,"column":0},"end":{"line":46,"column":70}}],"line":46},"1":{"loc":{"start":{"line":47,"column":24},"end":{"line":47,"column":100}},"type":"cond-expr","locations":[{"start":{"line":47,"column":62},"end":{"line":47,"column":84}},{"start":{"line":47,"column":86},"end":{"line":47,"column":100}}],"line":47},"2":{"loc":{"start":{"line":48,"column":92},"end":{"line":48,"column":108}},"type":"binary-expr","locations":[{"start":{"line":48,"column":92},"end":{"line":48,"column":104}},{"start":{"line":48,"column":106},"end":{"line":48,"column":108}}],"line":48}},"s":{"0":0,"1":0,"2":0,"3":0,"4":0,"5":0,"6":0,"7":0,"8":0,"9":0,"10":0,"11":0,"12":0,"13":0,"14":0,"15":0},"f":{"0":0,"1":0,"2":0,"3":0,"4":0},"b":{"0":[0,0],"1":[0,0],"2":[0,0]}}
,"/Users/shelley/hsbx/vue/src/components/chunks/UploadImg.vue": {"path":"/Users/shelley/hsbx/vue/src/components/chunks/UploadImg.vue","statementMap":{"0":{"start":{"line":1,"column":1},"end":{"line":135,"column":4}},"1":{"start":{"line":4,"column":0},"end":{"line":6,"column":3}},"2":{"start":{"line":8,"column":11},"end":{"line":8,"column":25}},"3":{"start":{"line":10,"column":12},"end":{"line":10,"column":33}},"4":{"start":{"line":12,"column":11},"end":{"line":12,"column":31}},"5":{"start":{"line":14,"column":12},"end":{"line":14,"column":40}},"6":{"start":{"line":16,"column":39},"end":{"line":16,"column":93}},"7":{"start":{"line":18,"column":0},"end":{"line":100,"column":2}},"8":{"start":{"line":27,"column":4},"end":{"line":45,"column":6}},"9":{"start":{"line":32,"column":26},"end":{"line":32,"column":81}},"10":{"start":{"line":34,"column":28},"end":{"line":34,"column":84}},"11":{"start":{"line":37,"column":21},"end":{"line":37,"column":54}},"12":{"start":{"line":39,"column":10},"end":{"line":42,"column":12}},"13":{"start":{"line":48,"column":16},"end":{"line":48,"column":20}},"14":{"start":{"line":50,"column":15},"end":{"line":50,"column":19}},"15":{"start":{"line":51,"column":4},"end":{"line":51,"column":33}},"16":{"start":{"line":52,"column":4},"end":{"line":52,"column":33}},"17":{"start":{"line":53,"column":4},"end":{"line":53,"column":36}},"18":{"start":{"line":54,"column":4},"end":{"line":54,"column":36}},"19":{"start":{"line":55,"column":4},"end":{"line":58,"column":7}},"20":{"start":{"line":56,"column":6},"end":{"line":56,"column":105}},"21":{"start":{"line":57,"column":6},"end":{"line":57,"column":105}},"22":{"start":{"line":59,"column":4},"end":{"line":64,"column":7}},"23":{"start":{"line":60,"column":6},"end":{"line":60,"column":46}},"24":{"start":{"line":61,"column":6},"end":{"line":61,"column":79}},"25":{"start":{"line":63,"column":6},"end":{"line":63,"column":43}},"26":{"start":{"line":65,"column":4},"end":{"line":70,"column":7}},"27":{"start":{"line":66,"column":6},"end":{"line":66,"column":46}},"28":{"start":{"line":67,"column":6},"end":{"line":67,"column":79}},"29":{"start":{"line":69,"column":6},"end":{"line":69,"column":43}},"30":{"start":{"line":75,"column":6},"end":{"line":75,"column":99}},"31":{"start":{"line":76,"column":6},"end":{"line":76,"column":62}},"32":{"start":{"line":77,"column":6},"end":{"line":77,"column":48}},"33":{"start":{"line":80,"column":6},"end":{"line":80,"column":41}},"34":{"start":{"line":81,"column":6},"end":{"line":85,"column":7}},"35":{"start":{"line":82,"column":8},"end":{"line":82,"column":42}},"36":{"start":{"line":83,"column":13},"end":{"line":85,"column":7}},"37":{"start":{"line":84,"column":8},"end":{"line":84,"column":42}},"38":{"start":{"line":136,"column":0},"end":{"line":136,"column":70}},"39":{"start":{"line":136,"column":31},"end":{"line":136,"column":70}},"40":{"start":{"line":137,"column":24},"end":{"line":137,"column":100}},"41":{"start":{"line":138,"column":0},"end":{"line":138,"column":1638}},"42":{"start":{"line":138,"column":54},"end":{"line":138,"column":58}},"43":{"start":{"line":138,"column":66},"end":{"line":138,"column":84}},"44":{"start":{"line":138,"column":92},"end":{"line":138,"column":108}},"45":{"start":{"line":138,"column":109},"end":{"line":138,"column":1637}},"46":{"start":{"line":138,"column":220},"end":{"line":138,"column":1634}},"47":{"start":{"line":138,"column":1100},"end":{"line":138,"column":1238}},"48":{"start":{"line":138,"column":1215},"end":{"line":138,"column":1234}},"49":{"start":{"line":138,"column":1600},"end":{"line":138,"column":1614}},"50":{"start":{"line":139,"column":0},"end":{"line":139,"column":37}}},"fnMap":{"0":{"name":"(anonymous_0)","decl":{"start":{"line":1,"column":2},"end":{"line":1,"column":3}},"loc":{"start":{"line":1,"column":12},"end":{"line":135,"column":1}},"line":1},"1":{"name":"_interopRequireDefault","decl":{"start":{"line":16,"column":9},"end":{"line":16,"column":31}},"loc":{"start":{"line":16,"column":37},"end":{"line":16,"column":95}},"line":16},"2":{"name":"data","decl":{"start":{"line":26,"column":17},"end":{"line":26,"column":21}},"loc":{"start":{"line":26,"column":24},"end":{"line":46,"column":3}},"line":26},"3":{"name":"getThumbBoundsFn","decl":{"start":{"line":30,"column":35},"end":{"line":30,"column":51}},"loc":{"start":{"line":30,"column":59},"end":{"line":43,"column":9}},"line":30},"4":{"name":"created","decl":{"start":{"line":47,"column":20},"end":{"line":47,"column":27}},"loc":{"start":{"line":47,"column":30},"end":{"line":71,"column":3}},"line":47},"5":{"name":"(anonymous_5)","decl":{"start":{"line":55,"column":19},"end":{"line":55,"column":20}},"loc":{"start":{"line":55,"column":31},"end":{"line":58,"column":5}},"line":55},"6":{"name":"(anonymous_6)","decl":{"start":{"line":59,"column":31},"end":{"line":59,"column":32}},"loc":{"start":{"line":59,"column":49},"end":{"line":64,"column":5}},"line":59},"7":{"name":"(anonymous_7)","decl":{"start":{"line":65,"column":30},"end":{"line":65,"column":31}},"loc":{"start":{"line":65,"column":48},"end":{"line":70,"column":5}},"line":65},"8":{"name":"del","decl":{"start":{"line":74,"column":18},"end":{"line":74,"column":21}},"loc":{"start":{"line":74,"column":29},"end":{"line":78,"column":5}},"line":74},"9":{"name":"show","decl":{"start":{"line":79,"column":19},"end":{"line":79,"column":23}},"loc":{"start":{"line":79,"column":36},"end":{"line":87,"column":5}},"line":79},"10":{"name":"render","decl":{"start":{"line":138,"column":35},"end":{"line":138,"column":41}},"loc":{"start":{"line":138,"column":45},"end":{"line":138,"column":1638}},"line":138},"11":{"name":"(anonymous_11)","decl":{"start":{"line":138,"column":199},"end":{"line":138,"column":200}},"loc":{"start":{"line":138,"column":219},"end":{"line":138,"column":1635}},"line":138},"12":{"name":"(anonymous_12)","decl":{"start":{"line":138,"column":1083},"end":{"line":138,"column":1084}},"loc":{"start":{"line":138,"column":1099},"end":{"line":138,"column":1239}},"line":138},"13":{"name":"(anonymous_13)","decl":{"start":{"line":138,"column":1198},"end":{"line":138,"column":1199}},"loc":{"start":{"line":138,"column":1214},"end":{"line":138,"column":1235}},"line":138},"14":{"name":"(anonymous_14)","decl":{"start":{"line":138,"column":1583},"end":{"line":138,"column":1584}},"loc":{"start":{"line":138,"column":1599},"end":{"line":138,"column":1615}},"line":138}},"branchMap":{"0":{"loc":{"start":{"line":16,"column":46},"end":{"line":16,"column":92}},"type":"cond-expr","locations":[{"start":{"line":16,"column":70},"end":{"line":16,"column":73}},{"start":{"line":16,"column":76},"end":{"line":16,"column":92}}],"line":16},"1":{"loc":{"start":{"line":16,"column":46},"end":{"line":16,"column":67}},"type":"binary-expr","locations":[{"start":{"line":16,"column":46},"end":{"line":16,"column":49}},{"start":{"line":16,"column":53},"end":{"line":16,"column":67}}],"line":16},"2":{"loc":{"start":{"line":34,"column":28},"end":{"line":34,"column":84}},"type":"binary-expr","locations":[{"start":{"line":34,"column":28},"end":{"line":34,"column":46}},{"start":{"line":34,"column":50},"end":{"line":34,"column":84}}],"line":34},"3":{"loc":{"start":{"line":81,"column":6},"end":{"line":85,"column":7}},"type":"if","locations":[{"start":{"line":81,"column":6},"end":{"line":85,"column":7}},{"start":{"line":81,"column":6},"end":{"line":85,"column":7}}],"line":81},"4":{"loc":{"start":{"line":83,"column":13},"end":{"line":85,"column":7}},"type":"if","locations":[{"start":{"line":83,"column":13},"end":{"line":85,"column":7}},{"start":{"line":83,"column":13},"end":{"line":85,"column":7}}],"line":83},"5":{"loc":{"start":{"line":136,"column":0},"end":{"line":136,"column":70}},"type":"if","locations":[{"start":{"line":136,"column":0},"end":{"line":136,"column":70}},{"start":{"line":136,"column":0},"end":{"line":136,"column":70}}],"line":136},"6":{"loc":{"start":{"line":137,"column":24},"end":{"line":137,"column":100}},"type":"cond-expr","locations":[{"start":{"line":137,"column":62},"end":{"line":137,"column":84}},{"start":{"line":137,"column":86},"end":{"line":137,"column":100}}],"line":137},"7":{"loc":{"start":{"line":138,"column":92},"end":{"line":138,"column":108}},"type":"binary-expr","locations":[{"start":{"line":138,"column":92},"end":{"line":138,"column":104}},{"start":{"line":138,"column":106},"end":{"line":138,"column":108}}],"line":138}},"s":{"0":0,"1":0,"2":0,"3":0,"4":0,"5":0,"6":0,"7":0,"8":0,"9":0,"10":0,"11":0,"12":0,"13":0,"14":0,"15":0,"16":0,"17":0,"18":0,"19":0,"20":0,"21":0,"22":0,"23":0,"24":0,"25":0,"26":0,"27":0,"28":0,"29":0,"30":0,"31":0,"32":0,"33":0,"34":0,"35":0,"36":0,"37":0,"38":0,"39":0,"40":0,"41":0,"42":0,"43":0,"44":0,"45":0,"46":0,"47":0,"48":0,"49":0,"50":0},"f":{"0":0,"1":0,"2":0,"3":0,"4":0,"5":0,"6":0,"7":0,"8":0,"9":0,"10":0,"11":0,"12":0,"13":0,"14":0},"b":{"0":[0,0],"1":[0,0],"2":[0,0],"3":[0,0],"4":[0,0],"5":[0,0],"6":[0,0],"7":[0,0]}}
,"/Users/shelley/hsbx/vue/src/components/pages/HelloFromVux.vue": {"path":"/Users/shelley/hsbx/vue/src/components/pages/HelloFromVux.vue","statementMap":{"0":{"start":{"line":1,"column":1},"end":{"line":44,"column":4}},"1":{"start":{"line":4,"column":0},"end":{"line":6,"column":3}},"2":{"start":{"line":8,"column":14},"end":{"line":8,"column":41}},"3":{"start":{"line":10,"column":15},"end":{"line":10,"column":46}},"4":{"start":{"line":12,"column":14},"end":{"line":12,"column":37}},"5":{"start":{"line":14,"column":39},"end":{"line":14,"column":93}},"6":{"start":{"line":29,"column":0},"end":{"line":43,"column":2}},"7":{"start":{"line":32,"column":4},"end":{"line":34,"column":6}},"8":{"start":{"line":37,"column":4},"end":{"line":37,"column":40}},"9":{"start":{"line":45,"column":0},"end":{"line":45,"column":70}},"10":{"start":{"line":45,"column":31},"end":{"line":45,"column":70}},"11":{"start":{"line":46,"column":24},"end":{"line":46,"column":100}},"12":{"start":{"line":47,"column":0},"end":{"line":47,"column":289}},"13":{"start":{"line":47,"column":54},"end":{"line":47,"column":58}},"14":{"start":{"line":47,"column":66},"end":{"line":47,"column":84}},"15":{"start":{"line":47,"column":92},"end":{"line":47,"column":108}},"16":{"start":{"line":47,"column":109},"end":{"line":47,"column":288}},"17":{"start":{"line":48,"column":0},"end":{"line":48,"column":37}}},"fnMap":{"0":{"name":"(anonymous_0)","decl":{"start":{"line":1,"column":2},"end":{"line":1,"column":3}},"loc":{"start":{"line":1,"column":12},"end":{"line":44,"column":1}},"line":1},"1":{"name":"_interopRequireDefault","decl":{"start":{"line":14,"column":9},"end":{"line":14,"column":31}},"loc":{"start":{"line":14,"column":37},"end":{"line":14,"column":95}},"line":14},"2":{"name":"data","decl":{"start":{"line":31,"column":17},"end":{"line":31,"column":21}},"loc":{"start":{"line":31,"column":24},"end":{"line":35,"column":3}},"line":31},"3":{"name":"created","decl":{"start":{"line":36,"column":20},"end":{"line":36,"column":27}},"loc":{"start":{"line":36,"column":30},"end":{"line":38,"column":3}},"line":36},"4":{"name":"render","decl":{"start":{"line":47,"column":35},"end":{"line":47,"column":41}},"loc":{"start":{"line":47,"column":45},"end":{"line":47,"column":289}},"line":47}},"branchMap":{"0":{"loc":{"start":{"line":14,"column":46},"end":{"line":14,"column":92}},"type":"cond-expr","locations":[{"start":{"line":14,"column":70},"end":{"line":14,"column":73}},{"start":{"line":14,"column":76},"end":{"line":14,"column":92}}],"line":14},"1":{"loc":{"start":{"line":14,"column":46},"end":{"line":14,"column":67}},"type":"binary-expr","locations":[{"start":{"line":14,"column":46},"end":{"line":14,"column":49}},{"start":{"line":14,"column":53},"end":{"line":14,"column":67}}],"line":14},"2":{"loc":{"start":{"line":45,"column":0},"end":{"line":45,"column":70}},"type":"if","locations":[{"start":{"line":45,"column":0},"end":{"line":45,"column":70}},{"start":{"line":45,"column":0},"end":{"line":45,"column":70}}],"line":45},"3":{"loc":{"start":{"line":46,"column":24},"end":{"line":46,"column":100}},"type":"cond-expr","locations":[{"start":{"line":46,"column":62},"end":{"line":46,"column":84}},{"start":{"line":46,"column":86},"end":{"line":46,"column":100}}],"line":46},"4":{"loc":{"start":{"line":47,"column":92},"end":{"line":47,"column":108}},"type":"binary-expr","locations":[{"start":{"line":47,"column":92},"end":{"line":47,"column":104}},{"start":{"line":47,"column":106},"end":{"line":47,"column":108}}],"line":47}},"s":{"0":0,"1":0,"2":0,"3":0,"4":0,"5":0,"6":0,"7":0,"8":0,"9":0,"10":0,"11":0,"12":0,"13":0,"14":0,"15":0,"16":0,"17":0},"f":{"0":0,"1":0,"2":0,"3":0,"4":0},"b":{"0":[0,0],"1":[0,0],"2":[0,0],"3":[0,0],"4":[0,0]}}
,"/Users/shelley/hsbx/vue/src/components/pages/fastpy/Fastpy.vue": {"path":"/Users/shelley/hsbx/vue/src/components/pages/fastpy/Fastpy.vue","statementMap":{"0":{"start":{"line":1,"column":1},"end":{"line":40,"column":4}},"1":{"start":{"line":4,"column":0},"end":{"line":6,"column":3}},"2":{"start":{"line":8,"column":11},"end":{"line":8,"column":25}},"3":{"start":{"line":10,"column":16},"end":{"line":10,"column":48}},"4":{"start":{"line":12,"column":17},"end":{"line":12,"column":50}},"5":{"start":{"line":14,"column":39},"end":{"line":14,"column":93}},"6":{"start":{"line":26,"column":0},"end":{"line":39,"column":2}},"7":{"start":{"line":29,"column":4},"end":{"line":29,"column":14}},"8":{"start":{"line":41,"column":0},"end":{"line":41,"column":70}},"9":{"start":{"line":41,"column":31},"end":{"line":41,"column":70}},"10":{"start":{"line":42,"column":24},"end":{"line":42,"column":100}},"11":{"start":{"line":43,"column":0},"end":{"line":43,"column":198}},"12":{"start":{"line":43,"column":54},"end":{"line":43,"column":58}},"13":{"start":{"line":43,"column":66},"end":{"line":43,"column":84}},"14":{"start":{"line":43,"column":92},"end":{"line":43,"column":108}},"15":{"start":{"line":43,"column":109},"end":{"line":43,"column":197}},"16":{"start":{"line":44,"column":0},"end":{"line":44,"column":37}}},"fnMap":{"0":{"name":"(anonymous_0)","decl":{"start":{"line":1,"column":2},"end":{"line":1,"column":3}},"loc":{"start":{"line":1,"column":12},"end":{"line":40,"column":1}},"line":1},"1":{"name":"_interopRequireDefault","decl":{"start":{"line":14,"column":9},"end":{"line":14,"column":31}},"loc":{"start":{"line":14,"column":37},"end":{"line":14,"column":95}},"line":14},"2":{"name":"data","decl":{"start":{"line":28,"column":17},"end":{"line":28,"column":21}},"loc":{"start":{"line":28,"column":24},"end":{"line":30,"column":3}},"line":28},"3":{"name":"render","decl":{"start":{"line":43,"column":35},"end":{"line":43,"column":41}},"loc":{"start":{"line":43,"column":45},"end":{"line":43,"column":198}},"line":43}},"branchMap":{"0":{"loc":{"start":{"line":14,"column":46},"end":{"line":14,"column":92}},"type":"cond-expr","locations":[{"start":{"line":14,"column":70},"end":{"line":14,"column":73}},{"start":{"line":14,"column":76},"end":{"line":14,"column":92}}],"line":14},"1":{"loc":{"start":{"line":14,"column":46},"end":{"line":14,"column":67}},"type":"binary-expr","locations":[{"start":{"line":14,"column":46},"end":{"line":14,"column":49}},{"start":{"line":14,"column":53},"end":{"line":14,"column":67}}],"line":14},"2":{"loc":{"start":{"line":41,"column":0},"end":{"line":41,"column":70}},"type":"if","locations":[{"start":{"line":41,"column":0},"end":{"line":41,"column":70}},{"start":{"line":41,"column":0},"end":{"line":41,"column":70}}],"line":41},"3":{"loc":{"start":{"line":42,"column":24},"end":{"line":42,"column":100}},"type":"cond-expr","locations":[{"start":{"line":42,"column":62},"end":{"line":42,"column":84}},{"start":{"line":42,"column":86},"end":{"line":42,"column":100}}],"line":42},"4":{"loc":{"start":{"line":43,"column":92},"end":{"line":43,"column":108}},"type":"binary-expr","locations":[{"start":{"line":43,"column":92},"end":{"line":43,"column":104}},{"start":{"line":43,"column":106},"end":{"line":43,"column":108}}],"line":43}},"s":{"0":0,"1":0,"2":0,"3":0,"4":0,"5":0,"6":0,"7":0,"8":0,"9":0,"10":0,"11":0,"12":0,"13":0,"14":0,"15":0,"16":0},"f":{"0":0,"1":0,"2":0,"3":0},"b":{"0":[0,0],"1":[0,0],"2":[0,0],"3":[0,0],"4":[0,0]}}
,"/Users/shelley/hsbx/vue/src/components/pages/fastpy/Step1.vue": {"path":"/Users/shelley/hsbx/vue/src/components/pages/fastpy/Step1.vue","statementMap":{"0":{"start":{"line":1,"column":1},"end":{"line":65,"column":4}},"1":{"start":{"line":4,"column":0},"end":{"line":6,"column":3}},"2":{"start":{"line":8,"column":11},"end":{"line":8,"column":25}},"3":{"start":{"line":10,"column":14},"end":{"line":10,"column":44}},"4":{"start":{"line":12,"column":15},"end":{"line":12,"column":46}},"5":{"start":{"line":14,"column":11},"end":{"line":14,"column":34}},"6":{"start":{"line":16,"column":12},"end":{"line":16,"column":40}},"7":{"start":{"line":18,"column":39},"end":{"line":18,"column":93}},"8":{"start":{"line":20,"column":0},"end":{"line":53,"column":2}},"9":{"start":{"line":23,"column":4},"end":{"line":26,"column":6}},"10":{"start":{"line":29,"column":16},"end":{"line":29,"column":20}},"11":{"start":{"line":31,"column":4},"end":{"line":39,"column":7}},"12":{"start":{"line":32,"column":6},"end":{"line":32,"column":35}},"13":{"start":{"line":33,"column":22},"end":{"line":33,"column":52}},"14":{"start":{"line":34,"column":16},"end":{"line":34,"column":18}},"15":{"start":{"line":35,"column":6},"end":{"line":37,"column":7}},"16":{"start":{"line":36,"column":8},"end":{"line":36,"column":19}},"17":{"start":{"line":38,"column":6},"end":{"line":38,"column":100}},"18":{"start":{"line":44,"column":6},"end":{"line":44,"column":34}},"19":{"start":{"line":45,"column":6},"end":{"line":45,"column":45}},"20":{"start":{"line":66,"column":0},"end":{"line":66,"column":70}},"21":{"start":{"line":66,"column":31},"end":{"line":66,"column":70}},"22":{"start":{"line":67,"column":24},"end":{"line":67,"column":100}},"23":{"start":{"line":68,"column":0},"end":{"line":68,"column":375}},"24":{"start":{"line":68,"column":54},"end":{"line":68,"column":58}},"25":{"start":{"line":68,"column":66},"end":{"line":68,"column":84}},"26":{"start":{"line":68,"column":92},"end":{"line":68,"column":108}},"27":{"start":{"line":68,"column":109},"end":{"line":68,"column":374}},"28":{"start":{"line":69,"column":0},"end":{"line":69,"column":37}}},"fnMap":{"0":{"name":"(anonymous_0)","decl":{"start":{"line":1,"column":2},"end":{"line":1,"column":3}},"loc":{"start":{"line":1,"column":12},"end":{"line":65,"column":1}},"line":1},"1":{"name":"_interopRequireDefault","decl":{"start":{"line":18,"column":9},"end":{"line":18,"column":31}},"loc":{"start":{"line":18,"column":37},"end":{"line":18,"column":95}},"line":18},"2":{"name":"data","decl":{"start":{"line":22,"column":17},"end":{"line":22,"column":21}},"loc":{"start":{"line":22,"column":24},"end":{"line":27,"column":3}},"line":22},"3":{"name":"created","decl":{"start":{"line":28,"column":20},"end":{"line":28,"column":27}},"loc":{"start":{"line":28,"column":30},"end":{"line":40,"column":3}},"line":28},"4":{"name":"(anonymous_4)","decl":{"start":{"line":31,"column":37},"end":{"line":31,"column":38}},"loc":{"start":{"line":31,"column":53},"end":{"line":39,"column":5}},"line":31},"5":{"name":"next","decl":{"start":{"line":43,"column":19},"end":{"line":43,"column":23}},"loc":{"start":{"line":43,"column":26},"end":{"line":46,"column":5}},"line":43},"6":{"name":"render","decl":{"start":{"line":68,"column":35},"end":{"line":68,"column":41}},"loc":{"start":{"line":68,"column":45},"end":{"line":68,"column":375}},"line":68}},"branchMap":{"0":{"loc":{"start":{"line":18,"column":46},"end":{"line":18,"column":92}},"type":"cond-expr","locations":[{"start":{"line":18,"column":70},"end":{"line":18,"column":73}},{"start":{"line":18,"column":76},"end":{"line":18,"column":92}}],"line":18},"1":{"loc":{"start":{"line":18,"column":46},"end":{"line":18,"column":67}},"type":"binary-expr","locations":[{"start":{"line":18,"column":46},"end":{"line":18,"column":49}},{"start":{"line":18,"column":53},"end":{"line":18,"column":67}}],"line":18},"2":{"loc":{"start":{"line":66,"column":0},"end":{"line":66,"column":70}},"type":"if","locations":[{"start":{"line":66,"column":0},"end":{"line":66,"column":70}},{"start":{"line":66,"column":0},"end":{"line":66,"column":70}}],"line":66},"3":{"loc":{"start":{"line":67,"column":24},"end":{"line":67,"column":100}},"type":"cond-expr","locations":[{"start":{"line":67,"column":62},"end":{"line":67,"column":84}},{"start":{"line":67,"column":86},"end":{"line":67,"column":100}}],"line":67},"4":{"loc":{"start":{"line":68,"column":92},"end":{"line":68,"column":108}},"type":"binary-expr","locations":[{"start":{"line":68,"column":92},"end":{"line":68,"column":104}},{"start":{"line":68,"column":106},"end":{"line":68,"column":108}}],"line":68}},"s":{"0":0,"1":0,"2":0,"3":0,"4":0,"5":0,"6":0,"7":0,"8":0,"9":0,"10":0,"11":0,"12":0,"13":0,"14":0,"15":0,"16":0,"17":0,"18":0,"19":0,"20":0,"21":0,"22":0,"23":0,"24":0,"25":0,"26":0,"27":0,"28":0},"f":{"0":0,"1":0,"2":0,"3":0,"4":0,"5":0,"6":0},"b":{"0":[0,0],"1":[0,0],"2":[0,0],"3":[0,0],"4":[0,0]}}
,"/Users/shelley/hsbx/vue/src/components/pages/fastpy/Step2.vue": {"path":"/Users/shelley/hsbx/vue/src/components/pages/fastpy/Step2.vue","statementMap":{"0":{"start":{"line":1,"column":1},"end":{"line":44,"column":4}},"1":{"start":{"line":4,"column":0},"end":{"line":6,"column":3}},"2":{"start":{"line":8,"column":14},"end":{"line":8,"column":44}},"3":{"start":{"line":10,"column":15},"end":{"line":10,"column":46}},"4":{"start":{"line":12,"column":11},"end":{"line":12,"column":34}},"5":{"start":{"line":14,"column":12},"end":{"line":14,"column":40}},"6":{"start":{"line":16,"column":39},"end":{"line":16,"column":93}},"7":{"start":{"line":26,"column":0},"end":{"line":43,"column":2}},"8":{"start":{"line":29,"column":4},"end":{"line":31,"column":6}},"9":{"start":{"line":36,"column":6},"end":{"line":36,"column":34}},"10":{"start":{"line":37,"column":6},"end":{"line":37,"column":45}},"11":{"start":{"line":45,"column":0},"end":{"line":45,"column":70}},"12":{"start":{"line":45,"column":31},"end":{"line":45,"column":70}},"13":{"start":{"line":46,"column":24},"end":{"line":46,"column":100}},"14":{"start":{"line":47,"column":0},"end":{"line":47,"column":215}},"15":{"start":{"line":47,"column":54},"end":{"line":47,"column":58}},"16":{"start":{"line":47,"column":66},"end":{"line":47,"column":84}},"17":{"start":{"line":47,"column":92},"end":{"line":47,"column":108}},"18":{"start":{"line":47,"column":109},"end":{"line":47,"column":214}},"19":{"start":{"line":48,"column":0},"end":{"line":48,"column":37}}},"fnMap":{"0":{"name":"(anonymous_0)","decl":{"start":{"line":1,"column":2},"end":{"line":1,"column":3}},"loc":{"start":{"line":1,"column":12},"end":{"line":44,"column":1}},"line":1},"1":{"name":"_interopRequireDefault","decl":{"start":{"line":16,"column":9},"end":{"line":16,"column":31}},"loc":{"start":{"line":16,"column":37},"end":{"line":16,"column":95}},"line":16},"2":{"name":"data","decl":{"start":{"line":28,"column":17},"end":{"line":28,"column":21}},"loc":{"start":{"line":28,"column":24},"end":{"line":32,"column":3}},"line":28},"3":{"name":"next","decl":{"start":{"line":35,"column":19},"end":{"line":35,"column":23}},"loc":{"start":{"line":35,"column":26},"end":{"line":38,"column":5}},"line":35},"4":{"name":"render","decl":{"start":{"line":47,"column":35},"end":{"line":47,"column":41}},"loc":{"start":{"line":47,"column":45},"end":{"line":47,"column":215}},"line":47}},"branchMap":{"0":{"loc":{"start":{"line":16,"column":46},"end":{"line":16,"column":92}},"type":"cond-expr","locations":[{"start":{"line":16,"column":70},"end":{"line":16,"column":73}},{"start":{"line":16,"column":76},"end":{"line":16,"column":92}}],"line":16},"1":{"loc":{"start":{"line":16,"column":46},"end":{"line":16,"column":67}},"type":"binary-expr","locations":[{"start":{"line":16,"column":46},"end":{"line":16,"column":49}},{"start":{"line":16,"column":53},"end":{"line":16,"column":67}}],"line":16},"2":{"loc":{"start":{"line":45,"column":0},"end":{"line":45,"column":70}},"type":"if","locations":[{"start":{"line":45,"column":0},"end":{"line":45,"column":70}},{"start":{"line":45,"column":0},"end":{"line":45,"column":70}}],"line":45},"3":{"loc":{"start":{"line":46,"column":24},"end":{"line":46,"column":100}},"type":"cond-expr","locations":[{"start":{"line":46,"column":62},"end":{"line":46,"column":84}},{"start":{"line":46,"column":86},"end":{"line":46,"column":100}}],"line":46},"4":{"loc":{"start":{"line":47,"column":92},"end":{"line":47,"column":108}},"type":"binary-expr","locations":[{"start":{"line":47,"column":92},"end":{"line":47,"column":104}},{"start":{"line":47,"column":106},"end":{"line":47,"column":108}}],"line":47}},"s":{"0":0,"1":0,"2":0,"3":0,"4":0,"5":0,"6":0,"7":0,"8":0,"9":0,"10":0,"11":0,"12":0,"13":0,"14":0,"15":0,"16":0,"17":0,"18":0,"19":0},"f":{"0":0,"1":0,"2":0,"3":0,"4":0},"b":{"0":[0,0],"1":[0,0],"2":[0,0],"3":[0,0],"4":[0,0]}}
,"/Users/shelley/hsbx/vue/src/components/pages/fastpy/Step3.vue": {"path":"/Users/shelley/hsbx/vue/src/components/pages/fastpy/Step3.vue","statementMap":{"0":{"start":{"line":1,"column":1},"end":{"line":22,"column":4}},"1":{"start":{"line":4,"column":0},"end":{"line":6,"column":3}},"2":{"start":{"line":14,"column":0},"end":{"line":21,"column":2}},"3":{"start":{"line":17,"column":4},"end":{"line":17,"column":14}},"4":{"start":{"line":23,"column":0},"end":{"line":23,"column":70}},"5":{"start":{"line":23,"column":31},"end":{"line":23,"column":70}},"6":{"start":{"line":24,"column":24},"end":{"line":24,"column":100}},"7":{"start":{"line":25,"column":0},"end":{"line":25,"column":172}},"8":{"start":{"line":25,"column":54},"end":{"line":25,"column":58}},"9":{"start":{"line":25,"column":66},"end":{"line":25,"column":84}},"10":{"start":{"line":25,"column":92},"end":{"line":25,"column":108}},"11":{"start":{"line":25,"column":109},"end":{"line":25,"column":171}},"12":{"start":{"line":26,"column":0},"end":{"line":26,"column":37}}},"fnMap":{"0":{"name":"(anonymous_0)","decl":{"start":{"line":1,"column":2},"end":{"line":1,"column":3}},"loc":{"start":{"line":1,"column":12},"end":{"line":22,"column":1}},"line":1},"1":{"name":"data","decl":{"start":{"line":16,"column":17},"end":{"line":16,"column":21}},"loc":{"start":{"line":16,"column":24},"end":{"line":18,"column":3}},"line":16},"2":{"name":"render","decl":{"start":{"line":25,"column":35},"end":{"line":25,"column":41}},"loc":{"start":{"line":25,"column":45},"end":{"line":25,"column":172}},"line":25}},"branchMap":{"0":{"loc":{"start":{"line":23,"column":0},"end":{"line":23,"column":70}},"type":"if","locations":[{"start":{"line":23,"column":0},"end":{"line":23,"column":70}},{"start":{"line":23,"column":0},"end":{"line":23,"column":70}}],"line":23},"1":{"loc":{"start":{"line":24,"column":24},"end":{"line":24,"column":100}},"type":"cond-expr","locations":[{"start":{"line":24,"column":62},"end":{"line":24,"column":84}},{"start":{"line":24,"column":86},"end":{"line":24,"column":100}}],"line":24},"2":{"loc":{"start":{"line":25,"column":92},"end":{"line":25,"column":108}},"type":"binary-expr","locations":[{"start":{"line":25,"column":92},"end":{"line":25,"column":104}},{"start":{"line":25,"column":106},"end":{"line":25,"column":108}}],"line":25}},"s":{"0":0,"1":0,"2":0,"3":0,"4":0,"5":0,"6":0,"7":0,"8":0,"9":0,"10":0,"11":0,"12":0},"f":{"0":0,"1":0,"2":0},"b":{"0":[0,0],"1":[0,0],"2":[0,0]}}
,"/Users/shelley/hsbx/vue/src/components/pages/flow/Flow.vue": {"path":"/Users/shelley/hsbx/vue/src/components/pages/flow/Flow.vue","statementMap":{"0":{"start":{"line":1,"column":1},"end":{"line":40,"column":4}},"1":{"start":{"line":4,"column":0},"end":{"line":6,"column":3}},"2":{"start":{"line":8,"column":12},"end":{"line":8,"column":40}},"3":{"start":{"line":10,"column":13},"end":{"line":10,"column":42}},"4":{"start":{"line":12,"column":14},"end":{"line":12,"column":40}},"5":{"start":{"line":14,"column":39},"end":{"line":14,"column":93}},"6":{"start":{"line":23,"column":0},"end":{"line":39,"column":2}},"7":{"start":{"line":26,"column":4},"end":{"line":29,"column":6}},"8":{"start":{"line":32,"column":4},"end":{"line":32,"column":50}},"9":{"start":{"line":41,"column":0},"end":{"line":41,"column":70}},"10":{"start":{"line":41,"column":31},"end":{"line":41,"column":70}},"11":{"start":{"line":42,"column":24},"end":{"line":42,"column":100}},"12":{"start":{"line":43,"column":0},"end":{"line":43,"column":212}},"13":{"start":{"line":43,"column":54},"end":{"line":43,"column":58}},"14":{"start":{"line":43,"column":66},"end":{"line":43,"column":84}},"15":{"start":{"line":43,"column":92},"end":{"line":43,"column":108}},"16":{"start":{"line":43,"column":109},"end":{"line":43,"column":211}},"17":{"start":{"line":44,"column":0},"end":{"line":44,"column":37}}},"fnMap":{"0":{"name":"(anonymous_0)","decl":{"start":{"line":1,"column":2},"end":{"line":1,"column":3}},"loc":{"start":{"line":1,"column":12},"end":{"line":40,"column":1}},"line":1},"1":{"name":"_interopRequireDefault","decl":{"start":{"line":14,"column":9},"end":{"line":14,"column":31}},"loc":{"start":{"line":14,"column":37},"end":{"line":14,"column":95}},"line":14},"2":{"name":"data","decl":{"start":{"line":25,"column":17},"end":{"line":25,"column":21}},"loc":{"start":{"line":25,"column":24},"end":{"line":30,"column":3}},"line":25},"3":{"name":"created","decl":{"start":{"line":31,"column":20},"end":{"line":31,"column":27}},"loc":{"start":{"line":31,"column":30},"end":{"line":33,"column":3}},"line":31},"4":{"name":"render","decl":{"start":{"line":43,"column":35},"end":{"line":43,"column":41}},"loc":{"start":{"line":43,"column":45},"end":{"line":43,"column":212}},"line":43}},"branchMap":{"0":{"loc":{"start":{"line":14,"column":46},"end":{"line":14,"column":92}},"type":"cond-expr","locations":[{"start":{"line":14,"column":70},"end":{"line":14,"column":73}},{"start":{"line":14,"column":76},"end":{"line":14,"column":92}}],"line":14},"1":{"loc":{"start":{"line":14,"column":46},"end":{"line":14,"column":67}},"type":"binary-expr","locations":[{"start":{"line":14,"column":46},"end":{"line":14,"column":49}},{"start":{"line":14,"column":53},"end":{"line":14,"column":67}}],"line":14},"2":{"loc":{"start":{"line":41,"column":0},"end":{"line":41,"column":70}},"type":"if","locations":[{"start":{"line":41,"column":0},"end":{"line":41,"column":70}},{"start":{"line":41,"column":0},"end":{"line":41,"column":70}}],"line":41},"3":{"loc":{"start":{"line":42,"column":24},"end":{"line":42,"column":100}},"type":"cond-expr","locations":[{"start":{"line":42,"column":62},"end":{"line":42,"column":84}},{"start":{"line":42,"column":86},"end":{"line":42,"column":100}}],"line":42},"4":{"loc":{"start":{"line":43,"column":92},"end":{"line":43,"column":108}},"type":"binary-expr","locations":[{"start":{"line":43,"column":92},"end":{"line":43,"column":104}},{"start":{"line":43,"column":106},"end":{"line":43,"column":108}}],"line":43}},"s":{"0":0,"1":0,"2":0,"3":0,"4":0,"5":0,"6":0,"7":0,"8":0,"9":0,"10":0,"11":0,"12":0,"13":0,"14":0,"15":0,"16":0,"17":0},"f":{"0":0,"1":0,"2":0,"3":0,"4":0},"b":{"0":[0,0],"1":[0,0],"2":[0,0],"3":[0,0],"4":[0,0]}}
,"/Users/shelley/hsbx/vue/src/components/pages/home/Home.vue": {"path":"/Users/shelley/hsbx/vue/src/components/pages/home/Home.vue","statementMap":{"0":{"start":{"line":1,"column":1},"end":{"line":88,"column":4}},"1":{"start":{"line":4,"column":0},"end":{"line":6,"column":3}},"2":{"start":{"line":8,"column":11},"end":{"line":8,"column":25}},"3":{"start":{"line":10,"column":14},"end":{"line":10,"column":44}},"4":{"start":{"line":12,"column":15},"end":{"line":12,"column":46}},"5":{"start":{"line":14,"column":12},"end":{"line":14,"column":40}},"6":{"start":{"line":16,"column":13},"end":{"line":16,"column":42}},"7":{"start":{"line":18,"column":12},"end":{"line":18,"column":40}},"8":{"start":{"line":20,"column":13},"end":{"line":20,"column":42}},"9":{"start":{"line":22,"column":14},"end":{"line":22,"column":40}},"10":{"start":{"line":24,"column":11},"end":{"line":24,"column":34}},"11":{"start":{"line":26,"column":12},"end":{"line":26,"column":40}},"12":{"start":{"line":28,"column":39},"end":{"line":28,"column":93}},"13":{"start":{"line":50,"column":0},"end":{"line":87,"column":2}},"14":{"start":{"line":53,"column":4},"end":{"line":58,"column":6}},"15":{"start":{"line":62,"column":15},"end":{"line":62,"column":19}},"16":{"start":{"line":63,"column":4},"end":{"line":66,"column":7}},"17":{"start":{"line":64,"column":17},"end":{"line":64,"column":57}},"18":{"start":{"line":65,"column":6},"end":{"line":65,"column":39}},"19":{"start":{"line":67,"column":4},"end":{"line":70,"column":7}},"20":{"start":{"line":68,"column":17},"end":{"line":68,"column":57}},"21":{"start":{"line":69,"column":6},"end":{"line":69,"column":39}},"22":{"start":{"line":73,"column":4},"end":{"line":73,"column":43}},"23":{"start":{"line":74,"column":4},"end":{"line":74,"column":41}},"24":{"start":{"line":75,"column":4},"end":{"line":75,"column":39}},"25":{"start":{"line":76,"column":15},"end":{"line":76,"column":55}},"26":{"start":{"line":77,"column":4},"end":{"line":77,"column":37}},"27":{"start":{"line":89,"column":0},"end":{"line":89,"column":70}},"28":{"start":{"line":89,"column":31},"end":{"line":89,"column":70}},"29":{"start":{"line":90,"column":24},"end":{"line":90,"column":100}},"30":{"start":{"line":91,"column":0},"end":{"line":91,"column":461}},"31":{"start":{"line":91,"column":54},"end":{"line":91,"column":58}},"32":{"start":{"line":91,"column":66},"end":{"line":91,"column":84}},"33":{"start":{"line":91,"column":92},"end":{"line":91,"column":108}},"34":{"start":{"line":91,"column":109},"end":{"line":91,"column":460}},"35":{"start":{"line":92,"column":0},"end":{"line":92,"column":37}}},"fnMap":{"0":{"name":"(anonymous_0)","decl":{"start":{"line":1,"column":2},"end":{"line":1,"column":3}},"loc":{"start":{"line":1,"column":12},"end":{"line":88,"column":1}},"line":1},"1":{"name":"_interopRequireDefault","decl":{"start":{"line":28,"column":9},"end":{"line":28,"column":31}},"loc":{"start":{"line":28,"column":37},"end":{"line":28,"column":95}},"line":28},"2":{"name":"data","decl":{"start":{"line":52,"column":17},"end":{"line":52,"column":21}},"loc":{"start":{"line":52,"column":24},"end":{"line":59,"column":3}},"line":52},"3":{"name":"mounted","decl":{"start":{"line":60,"column":20},"end":{"line":60,"column":27}},"loc":{"start":{"line":60,"column":30},"end":{"line":71,"column":3}},"line":60},"4":{"name":"(anonymous_4)","decl":{"start":{"line":63,"column":35},"end":{"line":63,"column":36}},"loc":{"start":{"line":63,"column":47},"end":{"line":66,"column":5}},"line":63},"5":{"name":"(anonymous_5)","decl":{"start":{"line":67,"column":37},"end":{"line":67,"column":38}},"loc":{"start":{"line":67,"column":49},"end":{"line":70,"column":5}},"line":67},"6":{"name":"created","decl":{"start":{"line":72,"column":20},"end":{"line":72,"column":27}},"loc":{"start":{"line":72,"column":30},"end":{"line":78,"column":3}},"line":72},"7":{"name":"render","decl":{"start":{"line":91,"column":35},"end":{"line":91,"column":41}},"loc":{"start":{"line":91,"column":45},"end":{"line":91,"column":461}},"line":91}},"branchMap":{"0":{"loc":{"start":{"line":28,"column":46},"end":{"line":28,"column":92}},"type":"cond-expr","locations":[{"start":{"line":28,"column":70},"end":{"line":28,"column":73}},{"start":{"line":28,"column":76},"end":{"line":28,"column":92}}],"line":28},"1":{"loc":{"start":{"line":28,"column":46},"end":{"line":28,"column":67}},"type":"binary-expr","locations":[{"start":{"line":28,"column":46},"end":{"line":28,"column":49}},{"start":{"line":28,"column":53},"end":{"line":28,"column":67}}],"line":28},"2":{"loc":{"start":{"line":89,"column":0},"end":{"line":89,"column":70}},"type":"if","locations":[{"start":{"line":89,"column":0},"end":{"line":89,"column":70}},{"start":{"line":89,"column":0},"end":{"line":89,"column":70}}],"line":89},"3":{"loc":{"start":{"line":90,"column":24},"end":{"line":90,"column":100}},"type":"cond-expr","locations":[{"start":{"line":90,"column":62},"end":{"line":90,"column":84}},{"start":{"line":90,"column":86},"end":{"line":90,"column":100}}],"line":90},"4":{"loc":{"start":{"line":91,"column":92},"end":{"line":91,"column":108}},"type":"binary-expr","locations":[{"start":{"line":91,"column":92},"end":{"line":91,"column":104}},{"start":{"line":91,"column":106},"end":{"line":91,"column":108}}],"line":91}},"s":{"0":0,"1":0,"2":0,"3":0,"4":0,"5":0,"6":0,"7":0,"8":0,"9":0,"10":0,"11":0,"12":0,"13":0,"14":0,"15":0,"16":0,"17":0,"18":0,"19":0,"20":0,"21":0,"22":0,"23":0,"24":0,"25":0,"26":0,"27":0,"28":0,"29":0,"30":0,"31":0,"32":0,"33":0,"34":
[...]
:{"line":95,"column":39}},"loc":{"start":{"line":95,"column":48},"end":{"line":108,"column":9}},"line":95},"8":{"name":"(anonymous_8)","decl":{"start":{"line":96,"column":41},"end":{"line":96,"column":42}},"loc":{"start":{"line":96,"column":53},"end":{"line":103,"column":11}},"line":96},"9":{"name":"(anonymous_9)","decl":{"start":{"line":103,"column":13},"end":{"line":103,"column":14}},"loc":{"start":{"line":103,"column":25},"end":{"line":105,"column":11}},"line":103},"10":{"name":"(anonymous_10)","decl":{"start":{"line":105,"column":13},"end":{"line":105,"column":14}},"loc":{"start":{"line":105,"column":25},"end":{"line":107,"column":11}},"line":105},"11":{"name":"failFun","decl":{"start":{"line":109,"column":26},"end":{"line":109,"column":33}},"loc":{"start":{"line":109,"column":42},"end":{"line":111,"column":9}},"line":109},"12":{"name":"(anonymous_12)","decl":{"start":{"line":115,"column":28},"end":{"line":115,"column":29}},"loc":{"start":{"line":115,"column":41},"end":{"line":137,"column":5}},"line":115},"13":{"name":"successFun","decl":{"start":{"line":120,"column":29},"end":{"line":120,"column":39}},"loc":{"start":{"line":120,"column":48},"end":{"line":132,"column":9}},"line":120},"14":{"name":"(anonymous_14)","decl":{"start":{"line":121,"column":41},"end":{"line":121,"column":42}},"loc":{"start":{"line":121,"column":53},"end":{"line":127,"column":11}},"line":121},"15":{"name":"(anonymous_15)","decl":{"start":{"line":127,"column":13},"end":{"line":127,"column":14}},"loc":{"start":{"line":127,"column":25},"end":{"line":129,"column":11}},"line":127},"16":{"name":"(anonymous_16)","decl":{"start":{"line":129,"column":13},"end":{"line":129,"column":14}},"loc":{"start":{"line":129,"column":25},"end":{"line":131,"column":11}},"line":129},"17":{"name":"failFun","decl":{"start":{"line":133,"column":26},"end":{"line":133,"column":33}},"loc":{"start":{"line":133,"column":42},"end":{"line":135,"column":9}},"line":133},"18":{"name":"uploadCommon","decl":{"start":{"line":141,"column":27},"end":{"line":141,"column":39}},"loc":{"start":{"line":141,"column":49},"end":{"line":186,"column":5}},"line":141},"19":{"name":"_loop","decl":{"start":{"line":149,"column":27},"end":{"line":149,"column":32}},"loc":{"start":{"line":149,"column":36},"end":{"line":179,"column":7}},"line":149},"20":{"name":"(anonymous_20)","decl":{"start":{"line":158,"column":25},"end":{"line":158,"column":26}},"loc":{"start":{"line":158,"column":38},"end":{"line":178,"column":9}},"line":158},"21":{"name":"next","decl":{"start":{"line":187,"column":19},"end":{"line":187,"column":23}},"loc":{"start":{"line":187,"column":26},"end":{"line":224,"column":5}},"line":187},"22":{"name":"cancelHandler","decl":{"start":{"line":197,"column":36},"end":{"line":197,"column":49}},"loc":{"start":{"line":197,"column":52},"end":{"line":199,"column":13}},"line":197},"23":{"name":"confirmHandler","decl":{"start":{"line":200,"column":37},"end":{"line":200,"column":51}},"loc":{"start":{"line":200,"column":54},"end":{"line":216,"column":13}},"line":200},"24":{"name":"render","decl":{"start":{"line":236,"column":35},"end":{"line":236,"column":41}},"loc":{"start":{"line":236,"column":45},"end":{"line":236,"column":458}},"line":236}},"branchMap":{"0":{"loc":{"start":{"line":32,"column":46},"end":{"line":32,"column":92}},"type":"cond-expr","locations":[{"start":{"line":32,"column":70},"end":{"line":32,"column":73}},{"start":{"line":32,"column":76},"end":{"line":32,"column":92}}],"line":32},"1":{"loc":{"start":{"line":32,"column":46},"end":{"line":32,"column":67}},"type":"binary-expr","locations":[{"start":{"line":32,"column":46},"end":{"line":32,"column":49}},{"start":{"line":32,"column":53},"end":{"line":32,"column":67}}],"line":32},"2":{"loc":{"start":{"line":151,"column":8},"end":{"line":153,"column":9}},"type":"if","locations":[{"start":{"line":151,"column":8},"end":{"line":153,"column":9}},{"start":{"line":151,"column":8},"end":{"line":153,"column":9}}],"line":151},"3":{"loc":{"start":{"line":159,"column":10},"end":{"line":163,"column":11}},"type":"if","locations":[{"start":{"line":159,"column":10},"end":{"line":163,"column":11}},{"start":{"line":159,"column":10},"end":{"line":163,"column":11}}],"line":159},"4":{"loc":{"start":{"line":161,"column":17},"end":{"line":163,"column":11}},"type":"if","locations":[{"start":{"line":161,"column":17},"end":{"line":163,"column":11}},{"start":{"line":161,"column":17},"end":{"line":163,"column":11}}],"line":161},"5":{"loc":{"start":{"line":184,"column":8},"end":{"line":184,"column":42}},"type":"if","locations":[{"start":{"line":184,"column":8},"end":{"line":184,"column":42}},{"start":{"line":184,"column":8},"end":{"line":184,"column":42}}],"line":184},"6":{"loc":{"start":{"line":189,"column":6},"end":{"line":223,"column":7}},"type":"if","locations":[{"start":{"line":189,"column":6},"end":{"line":223,"column":7}},{"start":{"line":189,"column":6},"end":{"line":223,"column":7}}],"line":189},"7":{"loc":{"start":{"line":190,"column":8},"end":{"line":220,"column":9}},"type":"if","locations":[{"start":{"line":190,"column":8},"end":{"line":220,"column":9}},{"start":{"line":190,"column":8},"end":{"line":220,"column":9}}],"line":190},"8":{"loc":{"start":{"line":201,"column":14},"end":{"line":213,"column":15}},"type":"if","locations":[{"start":{"line":201,"column":14},"end":{"line":213,"column":15}},{"start":{"line":201,"column":14},"end":{"line":213,"column":15}}],"line":201},"9":{"loc":{"start":{"line":234,"column":0},"end":{"line":234,"column":70}},"type":"if","locations":[{"start":{"line":234,"column":0},"end":{"line":234,"column":70}},{"start":{"line":234,"column":0},"end":{"line":234,"column":70}}],"line":234},"10":{"loc":{"start":{"line":235,"column":24},"end":{"line":235,"column":100}},"type":"cond-expr","locations":[{"start":{"line":235,"column":62},"end":{"line":235,"column":84}},{"start":{"line":235,"column":86},"end":{"line":235,"column":100}}],"line":235},"11":{"loc":{"start":{"line":236,"column":92},"end":{"line":236,"column":108}},"type":"binary-expr","locations":[{"start":{"line":236,"column":92},"end":{"line":236,"column":104}},{"start":{"line":236,"column":106},"end":{"line":236,"column":108}}],"line":236}},"s":{"0":0,"1":0,"2":0,"3":0,"4":0,"5":0,"6":0,"7":0,"8":0,"9":0,"10":0,"11":0,"12":0,"13":0,"14":0,"15":0,"16":0,"17":0,"18":0,"19":0,"20":0,"21":0,"22":0,"23":0,"24":0,"25":0,"26":0,"27":0,"28":0,"29":0,"30":0,"31":0,"32":0,"33":0,"34":0,"35":0,"36":0,"37":0,"38":0,"39":0,"40":0,"41":0,"42":0,"43":0,"44":0,"45":0,"46":0,"47":0,"48":0,"49":0,"50":0,"51":0,"52":0,"53":0,"54":0,"55":0,"56":0,"57":0,"58":0,"59":0,"60":0,"61":0,"62":0,"63":0,"64":0,"65":0,"66":0,"67":0,"68":0,"69":0,"70":0,"71":0,"72":0,"73":0,"74":0,"75":0,"76":0,"77":0,"78":0,"79":0,"80":0,"81":0,"82":0,"83":0,"84":0,"85":0,"86":0,"87":0,"88":0,"89":0,"90":0,"91":0,"92":0,"93":0,"94":0},"f":{"0":0,"1":0,"2":0,"3":0,"4":0,"5":0,"6":0,"7":0,"8":0,"9":0,"10":0,"11":0,"12":0,"13":0,"14":0,"15":0,"16":0,"17":0,"18":0,"19":0,"20":0,"21":0,"22":0,"23":0,"24":0},"b":{"0":[0,0],"1":[0,0],"2":[0,0],"3":[0,0],"4":[0,0],"5":[0,0],"6":[0,0],"7":[0,0],"8":[0,0],"9":[0,0],"10":[0,0],"11":[0,0]}}
,"/Users/shelley/hsbx/vue/src/store/actions.js": {"path":"/Users/shelley/hsbx/vue/src/store/actions.js","statementMap":{"0":{"start":{"line":1,"column":13},"end":{"line":1,"column":75}},"1":{"start":{"line":1,"column":75},"end":{"line":1,"column":154}},"2":{"start":{"line":1,"column":171},"end":{"line":1,"column":193}},"3":{"start":{"line":1,"column":206},"end":{"line":1,"column":241}},"4":{"start":{"line":1,"column":281},"end":{"line":1,"column":497}},"5":{"start":{"line":1,"column":309},"end":{"line":1,"column":320}},"6":{"start":{"line":1,"column":341},"end":{"line":1,"column":343}},"7":{"start":{"line":1,"column":344},"end":{"line":1,"column":461}},"8":{"start":{"line":1,"column":362},"end":{"line":1,"column":460}},"9":{"start":{"line":1,"column":384},"end":{"line":1,"column":459}},"10":{"start":{"line":1,"column":436},"end":{"line":1,"column":459}},"11":{"start":{"line":1,"column":461},"end":{"line":1,"column":482}},"12":{"start":{"line":1,"column":482},"end":{"line":1,"column":496}},"13":{"start":{"line":3,"column":17},"end":{"line":7,"column":1}},"14":{"start":{"line":3,"column":78},"end":{"line":3,"column":89}},"15":{"start":{"line":4,"column":2},"end":{"line":5,"column":16}},"16":{"start":{"line":8,"column":20},"end":{"line":12,"column":1}},"17":{"start":{"line":8,"column":88},"end":{"line":8,"column":100}},"18":{"start":{"line":9,"column":2},"end":{"line":10,"column":16}},"19":{"start":{"line":13,"column":20},"end":{"line":17,"column":1}},"20":{"start":{"line":13,"column":88},"end":{"line":13,"column":100}},"21":{"start":{"line":14,"column":2},"end":{"line":15,"column":16}}},"fnMap":{"0":{"name":"_interopRequireWildcard","decl":{"start":{"line":1,"column":251},"end":{"line":1,"column":274}},"loc":{"start":{"line":1,"column":280},"end":{"line":1,"column":498}},"line":1},"1":{"name":"printCount","decl":{"start":{"line":3,"column":47},"end":{"line":3,"column":57}},"loc":{"start":{"line":3,"column":64},"end":{"line":7,"column":1}},"line":3},"2":{"name":"increaseCount","decl":{"start":{"line":8,"column":53},"end":{"line":8,"column":66}},"loc":{"start":{"line":8,"column":74},"end":{"line":12,"column":1}},"line":8},"3":{"name":"decreaseCount","decl":{"start":{"line":13,"column":53},"end":{"line":13,"column":66}},"loc":{"start":{"line":13,"column":74},"end":{"line":17,"column":1}},"line":13}},"branchMap":{"0":{"loc":{"start":{"line":1,"column":281},"end":{"line":1,"column":497}},"type":"if","locations":[{"start":{"line":1,"column":281},"end":{"line":1,"column":497}},{"start":{"line":1,"column":281},"end":{"line":1,"column":497}}],"line":1},"1":{"loc":{"start":{"line":1,"column":285},"end":{"line":1,"column":306}},"type":"binary-expr","locations":[{"start":{"line":1,"column":285},"end":{"line":1,"column":288}},{"start":{"line":1,"column":292},"end":{"line":1,"column":306}}],"line":1},"2":{"loc":{"start":{"line":1,"column":344},"end":{"line":1,"column":461}},"type":"if","locations":[{"start":{"line":1,"column":344},"end":{"line":1,"column":461}},{"start":{"line":1,"column":344},"end":{"line":1,"column":461}}],"line":1},"3":{"loc":{"start":{"line":1,"column":384},"end":{"line":1,"column":459}},"type":"if","locations":[{"start":{"line":1,"column":384},"end":{"line":1,"column":459}},{"start":{"line":1,"column":384},"end":{"line":1,"column":459}}],"line":1}},"s":{"0":0,"1":0,"2":0,"3":0,"4":0,"5":0,"6":0,"7":0,"8":0,"9":0,"10":0,"11":0,"12":0,"13":0,"14":0,"15":0,"16":0,"17":0,"18":0,"19":0,"20":0,"21":0},"f":{"0":0,"1":0,"2":0,"3":0},"b":{"0":[0,0],"1":[0,0],"2":[0,0],"3":[0,0]}}
,"/Users/shelley/hsbx/vue/src/store/index.js": {"path":"/Users/shelley/hsbx/vue/src/store/index.js","statementMap":{"0":{"start":{"line":1,"column":13},"end":{"line":1,"column":75}},"1":{"start":{"line":1,"column":86},"end":{"line":1,"column":100}},"2":{"start":{"line":1,"column":113},"end":{"line":1,"column":141}},"3":{"start":{"line":2,"column":12},"end":{"line":2,"column":27}},"4":{"start":{"line":2,"column":41},"end":{"line":2,"column":70}},"5":{"start":{"line":3,"column":15},"end":{"line":3,"column":35}},"6":{"start":{"line":3,"column":50},"end":{"line":3,"column":83}},"7":{"start":{"line":4,"column":13},"end":{"line":4,"column":39}},"8":{"start":{"line":4,"column":54},"end":{"line":4,"column":84}},"9":{"start":{"line":4,"column":124},"end":{"line":4,"column":340}},"10":{"start":{"line":4,"column":152},"end":{"line":4,"column":163}},"11":{"start":{"line":4,"column":184},"end":{"line":4,"column":186}},"12":{"start":{"line":4,"column":187},"end":{"line":4,"column":304}},"13":{"start":{"line":4,"column":205},"end":{"line":4,"column":303}},"14":{"start":{"line":4,"column":227},"end":{"line":4,"column":302}},"15":{"start":{"line":4,"column":279},"end":{"line":4,"column":302}},"16":{"start":{"line":4,"column":304},"end":{"line":4,"column":325}},"17":{"start":{"line":4,"column":325},"end":{"line":4,"column":339}},"18":{"start":{"line":4,"column":379},"end":{"line":4,"column":433}},"19":{"start":{"line":7,"column":0},"end":{"line":7,"column":34}},"20":{"start":{"line":9,"column":12},"end":{"line":9,"column":49}},"21":{"start":{"line":9,"column":50},"end":{"line":18,"column":3}}},"fnMap":{"0":{"name":"_interopRequireWildcard","decl":{"start":{"line":4,"column":94},"end":{"line":4,"column":117}},"loc":{"start":{"line":4,"column":123},"end":{"line":4,"column":341}},"line":4},"1":{"name":"_interopRequireDefault","decl":{"start":{"line":4,"column":350},"end":{"line":4,"column":372}},"loc":{"start":{"line":4,"column":378},"end":{"line":4,"column":434}},"line":4}},"branchMap":{"0":{"loc":{"start":{"line":4,"column":124},"end":{"line":4,"column":340}},"type":"if","locations":[{"start":{"line":4,"column":124},"end":{"line":4,"column":340}},{"start":{"line":4,"column":124},"end":{"line":4,"column":340}}],"line":4},"1":{"loc":{"start":{"line":4,"column":128},"end":{"line":4,"column":149}},"type":"binary-expr","locations":[{"start":{"line":4,"column":128},"end":{"line":4,"column":131}},{"start":{"line":4,"column":135},"end":{"line":4,"column":149}}],"line":4},"2":{"loc":{"start":{"line":4,"column":187},"end":{"line":4,"column":304}},"type":"if","locations":[{"start":{"line":4,"column":187},"end":{"line":4,"column":304}},{"start":{"line":4,"column":187},"end":{"line":4,"column":304}}],"line":4},"3":{"loc":{"start":{"line":4,"column":227},"end":{"line":4,"column":302}},"type":"if","locations":[{"start":{"line":4,"column":227},"end":{"line":4,"column":302}},{"start":{"line":4,"column":227},"end":{"line":4,"column":302}}],"line":4},"4":{"loc":{"start":{"line":4,"column":386},"end":{"line":4,"column":432}},"type":"cond-expr","locations":[{"start":{"line":4,"column":410},"end":{"line":4,"column":413}},{"start":{"line":4,"column":416},"end":{"line":4,"column":432}}],"line":4},"5":{"loc":{"start":{"line":4,"column":386},"end":{"line":4,"column":407}},"type":"binary-expr","locations":[{"start":{"line":4,"column":386},"end":{"line":4,"column":389}},{"start":{"line":4,"column":393},"end":{"line":4,"column":407}}],"line":4}},"s":{"0":0,"1":0,"2":0,"3":0,"4":0,"5":0,"6":0,"7":0,"8":0,"9":0,"10":0,"11":0,"12":0,"13":0,"14":0,"15":0,"16":0,"17":0,"18":0,"19":0,"20":0,"21":0},"f":{"0":0,"1":0},"b":{"0":[0,0],"1":[0,0],"2":[0,0],"3":[0,0],"4":[0,0],"5":[0,0]}}
,"/Users/shelley/hsbx/vue/src/store/mutations.js": {"path":"/Users/shelley/hsbx/vue/src/store/mutations.js","statementMap":{"0":{"start":{"line":1,"column":13},"end":{"line":1,"column":75}},"1":{"start":{"line":1,"column":93},"end":{"line":1,"column":128}},"2":{"start":{"line":2,"column":21},"end":{"line":2,"column":62}},"3":{"start":{"line":3,"column":21},"end":{"line":3,"column":62}}},"fnMap":{},"branchMap":{},"s":{"0":0,"1":0,"2":0,"3":0},"f":{},"b":{}}
,"/Users/shelley/hsbx/vue/src/store/modules/count.js": {"path":"/Users/shelley/hsbx/vue/src/store/modules/count.js","statementMap":{"0":{"start":{"line":1,"column":13},"end":{"line":1,"column":75}},"1":{"start":{"line":1,"column":98},"end":{"line":1,"column":145}},"2":{"start":{"line":1,"column":169},"end":{"line":1,"column":209}},"3":{"start":{"line":1,"column":243},"end":{"line":1,"column":266}},"4":{"start":{"line":1,"column":279},"end":{"line":1,"column":315}},"5":{"start":{"line":1,"column":355},"end":{"line":1,"column":571}},"6":{"start":{"line":1,"column":383},"end":{"line":1,"column":394}},"7":{"start":{"line":1,"column":415},"end":{"line":1,"column":417}},"8":{"start":{"line":1,"column":418},"end":{"line":1,"column":535}},"9":{"start":{"line":1,"column":436},"end":{"line":1,"column":534}},"10":{"start":{"line":1,"column":458},"end":{"line":1,"column":533}},"11":{"start":{"line":1,"column":510},"end":{"line":1,"column":533}},"12":{"start":{"line":1,"column":535},"end":{"line":1,"column":556}},"13":{"start":{"line":1,"column":556},"end":{"line":1,"column":570}},"14":{"start":{"line":1,"column":610},"end":{"line":1,"column":664}},"15":{"start":{"line":4,"column":12},"end":{"line":9,"column":1}},"16":{"start":{"line":9,"column":16},"end":{"line":22,"column":1}},"17":{"start":{"line":11,"column":4},"end":{"line":11,"column":25}},"18":{"start":{"line":14,"column":4},"end":{"line":14,"column":25}},"19":{"start":{"line":17,"column":4},"end":{"line":17,"column":29}},"20":{"start":{"line":22,"column":16},"end":{"line":22,"column":18}},"21":{"start":{"line":35,"column":18},"end":{"line":44,"column":14}},"22":{"start":{"line":37,"column":2},"end":{"line":37,"column":16}},"23":{"start":{"line":40,"column":2},"end":{"line":40,"column":16}},"24":{"start":{"line":43,"column":2},"end":{"line":43,"column":27}},"25":{"start":{"line":44,"column":16},"end":{"line":51,"column":25}}},"fnMap":{"0":{"name":"_interopRequireWildcard","decl":{"start":{"line":1,"column":325},"end":{"line":1,"column":348}},"loc":{"start":{"line":1,"column":354},"end":{"line":1,"column":572}},"line":1},"1":{"name":"_interopRequireDefault","decl":{"start":{"line":1,"column":581},"end":{"line":1,"column":603}},"loc":{"start":{"line":1,"column":609},"end":{"line":1,"column":665}},"line":1},"2":{"name":"increaseCount","decl":{"start":{"line":10,"column":26},"end":{"line":10,"column":39}},"loc":{"start":{"line":10,"column":47},"end":{"line":12,"column":3}},"line":10},"3":{"name":"decreaseCount","decl":{"start":{"line":13,"column":26},"end":{"line":13,"column":39}},"loc":{"start":{"line":13,"column":47},"end":{"line":15,"column":3}},"line":13},"4":{"name":"printCount","decl":{"start":{"line":16,"column":23},"end":{"line":16,"column":33}},"loc":{"start":{"line":16,"column":41},"end":{"line":18,"column":3}},"line":16},"5":{"name":"(anonymous_5)","decl":{"start":{"line":36,"column":22},"end":{"line":36,"column":23}},"loc":{"start":{"line":36,"column":39},"end":{"line":38,"column":1}},"line":36},"6":{"name":"(anonymous_6)","decl":{"start":{"line":39,"column":22},"end":{"line":39,"column":23}},"loc":{"start":{"line":39,"column":39},"end":{"line":41,"column":1}},"line":39},"7":{"name":"(anonymous_7)","decl":{"start":{"line":42,"column":19},"end":{"line":42,"column":20}},"loc":{"start":{"line":42,"column":36},"end":{"line":44,"column":1}},"line":42}},"branchMap":{"0":{"loc":{"start":{"line":1,"column":355},"end":{"line":1,"column":571}},"type":"if","locations":[{"start":{"line":1,"column":355},"end":{"line":1,"column":571}},{"start":{"line":1,"column":355},"end":{"line":1,"column":571}}],"line":1},"1":{"loc":{"start":{"line":1,"column":359},"end":{"line":1,"column":380}},"type":"binary-expr","locations":[{"start":{"line":1,"column":359},"end":{"line":1,"column":362}},{"start":{"line":1,"column":366},"end":{"line":1,"column":380}}],"line":1},"2":{"loc":{"start":{"line":1,"column":418},"end":{"line":1,"column":535}},"type":"if","locations":[{"start":{"line":1,"column":418},"end":{"line":1,"column":535}},{"start":{"line":1,"column":418},"end":{"line":1,"column":535}}],"line":1},"3":{"loc":{"start":{"line":1,"column":458},"end":{"line":1,"column":533}},"type":"if","locations":[{"start":{"line":1,"column":458},"end":{"line":1,"column":533}},{"start":{"line":1,"column":458},"end":{"line":1,"column":533}}],"line":1},"4":{"loc":{"start":{"line":1,"column":617},"end":{"line":1,"column":663}},"type":"cond-expr","locations":[{"start":{"line":1,"column":641},"end":{"line":1,"column":644}},{"start":{"line":1,"column":647},"end":{"line":1,"column":663}}],"line":1},"5":{"loc":{"start":{"line":1,"column":617},"end":{"line":1,"column":638}},"type":"binary-expr","locations":[{"start":{"line":1,"column":617},"end":{"line":1,"column":620}},{"start":{"line":1,"column":624},"end":{"line":1,"column":638}}],"line":1}},"s":{"0":0,"1":0,"2":0,"3":0,"4":0,"5":0,"6":0,"7":0,"8":0,"9":0,"10":0,"11":0,"12":0,"13":0,"14":0,"15":0,"16":0,"17":0,"18":0,"19":0,"20":0,"21":0,"22":0,"23":0,"24":0,"25":0},"f":{"0":0,"1":0,"2":0,"3":0,"4":0,"5":0,"6":0,"7":0},"b":{"0":[0,0],"1":[0,0],"2":[0,0],"3":[0,0],"4":[0,0],"5":[0,0]}}
}
