TN:
SF:/Users/shelley/hsbx/vue/src/App.vue
FN:1,(anonymous_0)
FN:12,_interopRequireDefault
FN:16,data
FN:37,render
FNF:4
FNH:0
FNDA:0,(anonymous_0)
FNDA:0,_interopRequireDefault
FNDA:0,data
FNDA:0,render
DA:1,0
DA:4,0
DA:8,0
DA:10,0
DA:12,0
DA:14,0
DA:17,0
DA:35,0
DA:36,0
DA:37,0
DA:38,0
LF:11
LH:0
BRDA:12,0,0,0
BRDA:12,0,1,0
BRDA:12,1,0,0
BRDA:12,1,1,0
BRDA:35,2,0,0
BRDA:35,2,1,0
BRDA:36,3,0,0
BRDA:36,3,1,0
BRDA:37,4,0,0
BRDA:37,4,1,0
BRF:10
BRH:0
end_of_record
TN:
SF:/Users/shelley/hsbx/vue/src/api.js
FN:9,getsellers
FN:10,(anonymous_1)
FN:21,getCheckCode
FN:22,(anonymous_3)
FN:24,(anonymous_4)
FN:35,loginIn
FN:36,(anonymous_6)
FN:38,(anonymous_7)
FNF:8
FNH:0
FNDA:0,getsellers
FNDA:0,(anonymous_1)
FNDA:0,getCheckCode
FNDA:0,(anonymous_3)
FNDA:0,(anonymous_4)
FNDA:0,loginIn
FNDA:0,(anonymous_6)
FNDA:0,(anonymous_7)
DA:10,0
DA:11,0
DA:12,0
DA:22,0
DA:23,0
DA:25,0
DA:26,0
DA:36,0
DA:37,0
DA:39,0
DA:40,0
DA:44,0
LF:12
LH:0
BRF:0
BRH:0
end_of_record
TN:
SF:/Users/shelley/hsbx/vue/src/bus.js
FN:1,_interopRequireDefault
FNF:1
FNH:0
FNDA:0,_interopRequireDefault
DA:1,0
DA:2,0
LF:2
LH:0
BRDA:1,0,0,0
BRDA:1,0,1,0
BRDA:1,1,0,0
BRDA:1,1,1,0
BRF:4
BRH:0
end_of_record
TN:
SF:/Users/shelley/hsbx/vue/src/consts.js
FNF:0
FNH:0
DA:2,0
LF:1
LH:0
BRF:0
BRH:0
end_of_record
TN:
SF:/Users/shelley/hsbx/vue/src/util.js
FN:4,getLocationRouterLast
FN:14,isPhoneNum
FN:24,isCheckCode
FN:36,postAPI
FN:53,showToast
FN:68,showConfirm
FN:74,onShow
FN:78,onHide
FN:82,onCancel
FN:86,onConfirm
FN:99,successDeal
FN:114,failDeal
FNF:12
FNH:0
FNDA:0,getLocationRouterLast
FNDA:0,isPhoneNum
FNDA:0,isCheckCode
FNDA:0,postAPI
FNDA:0,showToast
FNDA:0,showConfirm
FNDA:0,onShow
FNDA:0,onHide
FNDA:0,onCancel
FNDA:0,onConfirm
FNDA:0,successDeal
FNDA:0,failDeal
DA:5,0
DA:6,0
DA:15,0
DA:16,0
DA:25,0
DA:26,0
DA:37,0
DA:42,0
DA:44,0
DA:54,0
DA:69,0
DA:75,0
DA:76,0
DA:79,0
DA:80,0
DA:83,0
DA:84,0
DA:87,0
DA:88,0
DA:100,0
DA:101,0
DA:102,0
DA:103,0
DA:104,0
DA:106,0
DA:115,0
DA:116,0
DA:117,0
DA:119,0
LF:29
LH:0
BRDA:56,0,0,0
BRDA:56,0,1,0
BRDA:70,1,0,0
BRDA:70,1,1,0
BRDA:71,2,0,0
BRDA:71,2,1,0
BRDA:72,3,0,0
BRDA:72,3,1,0
BRDA:73,4,0,0
BRDA:73,4,1,0
BRDA:75,5,0,0
BRDA:75,5,1,0
BRDA:79,6,0,0
BRDA:79,6,1,0
BRDA:83,7,0,0
BRDA:83,7,1,0
BRDA:87,8,0,0
BRDA:87,8,1,0
BRDA:101,9,0,0
BRDA:101,9,1,0
BRDA:102,10,0,0
BRDA:102,10,1,0
BRDA:103,11,0,0
BRDA:103,11,1,0
BRDA:104,12,0,0
BRDA:104,12,1,0
BRDA:106,13,0,0
BRDA:106,13,1,0
BRF:28
BRH:0
end_of_record
TN:
SF:/Users/shelley/hsbx/vue/src/components/chunks/Button.vue
FN:1,(anonymous_0)
FN:15,value
FN:22,data
FN:42,render
FN:42,(anonymous_4)
FNF:5
FNH:0
FNDA:0,(anonymous_0)
FNDA:0,value
FNDA:0,data
FNDA:0,render
FNDA:0,(anonymous_4)
DA:1,0
DA:4,0
DA:8,0
DA:10,0
DA:23,0
DA:40,0
DA:41,0
DA:42,0
DA:43,0
LF:9
LH:0
BRDA:40,0,0,0
BRDA:40,0,1,0
BRDA:41,1,0,0
BRDA:41,1,1,0
BRDA:42,2,0,0
BRDA:42,2,1,0
BRF:6
BRH:0
end_of_record
TN:
SF:/Users/shelley/hsbx/vue/src/components/chunks/Flow.vue
FN:1,(anonymous_0)
FN:22,data
FN:28,created
FN:34,success
FN:39,error
FN:61,render
FNF:6
FNH:0
FNDA:0,(anonymous_0)
FNDA:0,data
FNDA:0,created
FNDA:0,success
FNDA:0,error
FNDA:0,render
DA:1,0
DA:4,0
DA:8,0
DA:10,0
DA:23,0
DA:29,0
DA:30,0
DA:35,0
DA:36,0
DA:37,0
DA:40,0
DA:41,0
DA:42,0
DA:59,0
DA:60,0
DA:61,0
DA:62,0
LF:17
LH:0
BRDA:59,0,0,0
BRDA:59,0,1,0
BRDA:60,1,0,0
BRDA:60,1,1,0
BRDA:61,2,0,0
BRDA:61,2,1,0
BRF:6
BRH:0
end_of_record
TN:
SF:/Users/shelley/hsbx/vue/src/components/chunks/FlowStep.vue
FN:1,(anonymous_0)
FN:14,_interopRequireDefault
FN:36,created
FN:39,(anonymous_3)
FN:45,(anonymous_4)
FN:51,data
FN:67,showText
FN:82,render
FNF:8
FNH:0
FNDA:0,(anonymous_0)
FNDA:0,_interopRequireDefault
FNDA:0,created
FNDA:0,(anonymous_3)
FNDA:0,(anonymous_4)
FNDA:0,data
FNDA:0,showText
FNDA:0,render
DA:1,0
DA:4,0
DA:8,0
DA:10,0
DA:12,0
DA:14,0
DA:34,0
DA:37,0
DA:39,0
DA:40,0
DA:41,0
DA:42,0
DA:43,0
DA:45,0
DA:46,0
DA:47,0
DA:48,0
DA:52,0
DA:68,0
DA:80,0
DA:81,0
DA:82,0
DA:83,0
LF:23
LH:0
BRDA:14,0,0,0
BRDA:14,0,1,0
BRDA:14,1,0,0
BRDA:14,1,1,0
BRDA:80,2,0,0
BRDA:80,2,1,0
BRDA:81,3,0,0
BRDA:81,3,1,0
BRDA:82,4,0,0
BRDA:82,4,1,0
BRDA:82,5,0,0
BRDA:82,5,1,0
BRDA:82,6,0,0
BRDA:82,6,1,0
BRDA:82,7,0,0
BRDA:82,7,1,0
BRDA:82,8,0,0
BRDA:82,8,1,0
BRF:18
BRH:0
end_of_record
TN:
SF:/Users/shelley/hsbx/vue/src/components/chunks/Menu.vue
FN:1,(anonymous_0)
FN:16,_interopRequireDefault
FN:20,data
FN:26,scanPay
FN:30,insuranceAccount
FN:34,lipyRecord
FN:38,aroundSeller
FN:42,fastPy
FN:46,insuranceCredit
FN:50,coastDetail
FN:54,onlineShop
FN:58,isLoginOrRealCheck
FN:60,(anonymous_12)
FN:84,showHandler
FN:85,hideHandler
FN:86,cancelHandler
FN:87,confirmHandler
FN:206,render
FNF:18
FNH:0
FNDA:0,(anonymous_0)
FNDA:0,_interopRequireDefault
FNDA:0,data
FNDA:0,scanPay
FNDA:0,insuranceAccount
FNDA:0,lipyRecord
FNDA:0,aroundSeller
FNDA:0,fastPy
FNDA:0,insuranceCredit
FNDA:0,coastDetail
FNDA:0,onlineShop
FNDA:0,isLoginOrRealCheck
FNDA:0,(anonymous_12)
FNDA:0,showHandler
FNDA:0,hideHandler
FNDA:0,cancelHandler
FNDA:0,confirmHandler
FNDA:0,render
DA:1,0
DA:4,0
DA:8,0
DA:10,0
DA:12,0
DA:14,0
DA:16,0
DA:18,0
DA:21,0
DA:27,0
DA:31,0
DA:35,0
DA:39,0
DA:43,0
DA:47,0
DA:51,0
DA:55,0
DA:59,0
DA:60,0
DA:61,0
DA:63,0
DA:65,0
DA:66,0
DA:69,0
DA:74,0
DA:76,0
DA:78,0
DA:79,0
DA:88,0
DA:91,0
DA:94,0
DA:98,0
DA:204,0
DA:205,0
DA:206,0
DA:207,0
LF:36
LH:0
BRDA:16,0,0,0
BRDA:16,0,1,0
BRDA:16,1,0,0
BRDA:16,1,1,0
BRDA:63,2,0,0
BRDA:63,2,1,0
BRDA:65,3,0,0
BRDA:65,3,1,0
BRDA:74,4,0,0
BRDA:74,4,1,0
BRDA:76,5,0,0
BRDA:76,5,1,0
BRDA:204,6,0,0
BRDA:204,6,1,0
BRDA:205,7,0,0
BRDA:205,7,1,0
BRDA:206,8,0,0
BRDA:206,8,1,0
BRF:18
BRH:0
end_of_record
TN:
SF:/Users/shelley/hsbx/vue/src/components/chunks/Swiper.vue
FN:1,(anonymous_0)
FN:18,data
FN:23,created
FN:24,(anonymous_3)
FN:45,render
FNF:5
FNH:0
FNDA:0,(anonymous_0)
FNDA:0,data
FNDA:0,created
FNDA:0,(anonymous_3)
FNDA:0,render
DA:1,0
DA:4,0
DA:8,0
DA:10,0
DA:19,0
DA:24,0
DA:25,0
DA:43,0
DA:44,0
DA:45,0
DA:46,0
LF:11
LH:0
BRDA:43,0,0,0
BRDA:43,0,1,0
BRDA:44,1,0,0
BRDA:44,1,1,0
BRDA:45,2,0,0
BRDA:45,2,1,0
BRF:6
BRH:0
end_of_record
TN:
SF:/Users/shelley/hsbx/vue/src/components/chunks/TabBar.vue
FN:1,(anonymous_0)
FN:18,data
FN:23,created
FN:48,render
FN:48,(anonymous_4)
FNF:5
FNH:0
FNDA:0,(anonymous_0)
FNDA:0,data
FNDA:0,created
FNDA:0,render
FNDA:0,(anonymous_4)
DA:1,0
DA:4,0
DA:8,0
DA:10,0
DA:19,0
DA:24,0
DA:46,0
DA:47,0
DA:48,0
DA:49,0
LF:10
LH:0
BRDA:46,0,0,0
BRDA:46,0,1,0
BRDA:47,1,0,0
BRDA:47,1,1,0
BRDA:48,2,0,0
BRDA:48,2,1,0
BRF:6
BRH:0
end_of_record
TN:
SF:/Users/shelley/hsbx/vue/src/components/chunks/UploadImg.vue
FN:1,(anonymous_0)
FN:16,_interopRequireDefault
FN:26,data
FN:30,getThumbBoundsFn
FN:47,created
FN:55,(anonymous_5)
FN:59,(anonymous_6)
FN:65,(anonymous_7)
FN:74,del
FN:79,show
FN:138,render
FN:138,(anonymous_11)
FN:138,(anonymous_12)
FN:138,(anonymous_13)
FN:138,(anonymous_14)
FNF:15
FNH:0
FNDA:0,(anonymous_0)
FNDA:0,_interopRequireDefault
FNDA:0,data
FNDA:0,getThumbBoundsFn
FNDA:0,created
FNDA:0,(anonymous_5)
FNDA:0,(anonymous_6)
FNDA:0,(anonymous_7)
FNDA:0,del
FNDA:0,show
FNDA:0,render
FNDA:0,(anonymous_11)
FNDA:0,(anonymous_12)
FNDA:0,(anonymous_13)
FNDA:0,(anonymous_14)
DA:1,0
DA:4,0
DA:8,0
DA:10,0
DA:12,0
DA:14,0
DA:16,0
DA:18,0
DA:27,0
DA:32,0
DA:34,0
DA:37,0
DA:39,0
DA:48,0
DA:50,0
DA:51,0
DA:52,0
DA:53,0
DA:54,0
DA:55,0
DA:56,0
DA:57,0
DA:59,0
DA:60,0
DA:61,0
DA:63,0
DA:65,0
DA:66,0
DA:67,0
DA:69,0
DA:75,0
DA:76,0
DA:77,0
DA:80,0
DA:81,0
DA:82,0
DA:83,0
DA:84,0
DA:136,0
DA:137,0
DA:138,0
DA:139,0
LF:42
LH:0
BRDA:16,0,0,0
BRDA:16,0,1,0
BRDA:16,1,0,0
BRDA:16,1,1,0
BRDA:34,2,0,0
BRDA:34,2,1,0
BRDA:81,3,0,0
BRDA:81,3,1,0
BRDA:83,4,0,0
BRDA:83,4,1,0
BRDA:136,5,0,0
BRDA:136,5,1,0
BRDA:137,6,0,0
BRDA:137,6,1,0
BRDA:138,7,0,0
BRDA:138,7,1,0
BRF:16
BRH:0
end_of_record
TN:
SF:/Users/shelley/hsbx/vue/src/components/pages/HelloFromVux.vue
FN:1,(anonymous_0)
FN:14,_interopRequireDefault
FN:31,data
FN:36,created
FN:47,render
FNF:5
FNH:0
FNDA:0,(anonymous_0)
FNDA:0,_interopRequireDefault
FNDA:0,data
FNDA:0,created
FNDA:0,render
DA:1,0
DA:4,0
DA:8,0
DA:10,0
DA:12,0
DA:14,0
DA:29,0
DA:32,0
DA:37,0
DA:45,0
DA:46,0
DA:47,0
DA:48,0
LF:13
LH:0
BRDA:14,0,0,0
BRDA:14,0,1,0
BRDA:14,1,0,0
BRDA:14,1,1,0
BRDA:45,2,0,0
BRDA:45,2,1,0
BRDA:46,3,0,0
BRDA:46,3,1,0
BRDA:47,4,0,0
BRDA:47,4,1,0
BRF:10
BRH:0
end_of_record
TN:
SF:/Users/shelley/hsbx/vue/src/components/pages/fastpy/Fastpy.vue
FN:1,(anonymous_0)
FN:14,_interopRequireDefault
FN:28,data
FN:43,render
FNF:4
FNH:0
FNDA:0,(anonymous_0)
FNDA:0,_interopRequireDefault
FNDA:0,data
FNDA:0,render
DA:1,0
DA:4,0
DA:8,0
DA:10,0
DA:12,0
DA:14,0
DA:26,0
DA:29,0
DA:41,0
DA:42,0
DA:43,0
DA:44,0
LF:12
LH:0
BRDA:14,0,0,0
BRDA:14,0,1,0
BRDA:14,1,0,0
BRDA:14,1,1,0
BRDA:41,2,0,0
BRDA:41,2,1,0
BRDA:42,3,0,0
BRDA:42,3,1,0
BRDA:43,4,0,0
BRDA:43,4,1,0
BRF:10
BRH:0
end_of_record
TN:
SF:/Users/shelley/hsbx/vue/src/components/pages/fastpy/Step1.vue
FN:1,(anonymous_0)
FN:18,_interopRequireDefault
FN:22,data
FN:28,created
FN:31,(anonymous_4)
FN:43,next
FN:68,render
FNF:7
FNH:0
FNDA:0,(anonymous_0)
FNDA:0,_interopRequireDefault
FNDA:0,data
FNDA:0,created
FNDA:0,(anonymous_4)
FNDA:0,next
FNDA:0,render
DA:1,0
DA:4,0
DA:8,0
DA:10,0
DA:12,0
DA:14,0
DA:16,0
DA:18,0
DA:20,0
DA:23,0
DA:29,0
DA:31,0
DA:32,0
DA:33,0
DA:34,0
DA:35,0
DA:36,0
DA:38,0
DA:44,0
DA:45,0
DA:66,0
DA:67,0
DA:68,0
DA:69,0
LF:24
LH:0
BRDA:18,0,0,0
BRDA:18,0,1,0
BRDA:18,1,0,0
BRDA:18,1,1,0
BRDA:66,2,0,0
BRDA:66,2,1,0
BRDA:67,3,0,0
BRDA:67,3,1,0
BRDA:68,4,0,0
BRDA:68,4,1,0
BRF:10
BRH:0
end_of_record
TN:
SF:/Users/shelley/hsbx/vue/src/components/pages/fastpy/Step2.vue
FN:1,(anonymous_0)
FN:16,_interopRequireDefault
FN:28,data
FN:35,next
FN:47,render
FNF:5
FNH:0
FNDA:0,(anonymous_0)
FNDA:0,_interopRequireDefault
FNDA:0,data
FNDA:0,next
FNDA:0,render
DA:1,0
DA:4,0
DA:8,0
DA:10,0
DA:12,0
DA:14,0
DA:16,0
DA:26,0
DA:29,0
DA:36,0
DA:37,0
DA:45,0
DA:46,0
DA:47,0
DA:48,0
LF:15
LH:0
BRDA:16,0,0,0
BRDA:16,0,1,0
BRDA:16,1,0,0
BRDA:16,1,1,0
BRDA:45,2,0,0
BRDA:45,2,1,0
BRDA:46,3,0,0
BRDA:46,3,1,0
BRDA:47,4,0,0
BRDA:47,4,1,0
BRF:10
BRH:0
end_of_record
TN:
SF:/Users/shelley/hsbx/vue/src/components/pages/fastpy/Step3.vue
FN:1,(anonymous_0)
FN:16,data
FN:25,render
FNF:3
FNH:0
FNDA:0,(anonymous_0)
FNDA:0,data
FNDA:0,render
DA:1,0
DA:4,0
DA:14,0
DA:17,0
DA:23,0
DA:24,0
DA:25,0
DA:26,0
LF:8
LH:0
BRDA:23,0,0,0
BRDA:23,0,1,0
BRDA:24,1,0,0
BRDA:24,1,1,0
BRDA:25,2,0,0
BRDA:25,2,1,0
BRF:6
BRH:0
end_of_record
TN:
SF:/Users/shelley/hsbx/vue/src/components/pages/flow/Flow.vue
FN:1,(anonymous_0)
FN:14,_interopRequireDefault
FN:25,data
FN:31,created
FN:43,render
FNF:5
FNH:0
FNDA:0,(anonymous_0)
FNDA:0,_interopRequireDefault
FNDA:0,data
FNDA:0,created
FNDA:0,render
DA:1,0
DA:4,0
DA:8,0
DA:10,0
DA:12,0
DA:14,0
DA:23,0
DA:26,0
DA:32,0
DA:41,0
DA:42,0
DA:43,0
DA:44,0
LF:13
LH:0
BRDA:14,0,0,0
BRDA:14,0,1,0
BRDA:14,1,0,0
BRDA:14,1,1,0
BRDA:41,2,0,0
BRDA:41,2,1,0
BRDA:42,3,0,0
BRDA:42,3,1,0
BRDA:43,4,0,0
BRDA:43,4,1,0
BRF:10
BRH:0
end_of_record
TN:
SF:/Users/shelley/hsbx/vue/src/components/pages/home/Home.vue
FN:1,(anonymous_0)
FN:28,_interopRequireDefault
FN:52,data
FN:60,mounted
FN:63,(anonymous_4)
FN:67,(anonymous_5)
FN:72,created
FN:91,render
FNF:8
FNH:0
FNDA:0,(anonymous_0)
FNDA:0,_interopRequireDefault
FNDA:0,data
FNDA:0,mounted
FNDA:0,(anonymous_4)
FNDA:0,(anonymous_5)
FNDA:0,created
FNDA:0,render
DA:1,0
DA:4,0
DA:8,0
DA:10,0
DA:12,0
DA:14,0
DA:16,0
DA:18,0
DA:20,0
DA:22,0
DA:24,0
DA:26,0
DA:28,0
DA:50,0
DA:53,0
DA:62,0
DA:63,0
DA:64,0
DA:65,0
DA:67,0
DA:68,0
DA:69,0
DA:73,0
DA:74,0
DA:75,0
DA:76,0
DA:77,0
DA:89,0
DA:90,0
DA:91,0
DA:92,0
LF:31
LH:0
BRDA:28,0,0,0
BRDA:28,0,1,0
BRDA:28,1,0,0
BRDA:28,1,1,0
BRDA:89,2,0,0
BRDA:89,2,1,0
BRDA:90,3,0,0
BRDA:90,3,1,0
BRDA:91,4,0,0
BRDA:91,4,1,0
BRF:10
BRH:0
end_of_record
TN:
SF:/Users/shelley/hsbx/vue/src/components/pages/login/Login.vue
FN:1,(anonymous_0)
FN:24,_interopRequireDefault
FN:70,data
FN:86,phoneVal
FN:89,checkCodeVal
FN:95,checkPhone
FN:103,checkCode
FN:111,sendCheckCode
FN:119,timer
FN:129,(anonymous_9)
FN:149,successFun
FN:153,failFun
FN:161,login
FN:216,loginSuccessRedirect
FN:240,render
FN:240,(anonymous_15)
FN:240,(anonymous_16)
FN:240,(anonymous_17)
FN:241,render
FNF:19
FNH:0
FNDA:0,(anonymous_0)
FNDA:0,_interopRequireDefault
FNDA:0,data
FNDA:0,phoneVal
FNDA:0,checkCodeVal
FNDA:0,checkPhone
FNDA:0,checkCode
FNDA:0,sendCheckCode
FNDA:0,timer
FNDA:0,(anonymous_9)
FNDA:0,successFun
FNDA:0,failFun
FNDA:0,login
FNDA:0,loginSuccessRedirect
FNDA:0,render
FNDA:0,(anonymous_15)
FNDA:0,(anonymous_16)
FNDA:0,(anonymous_17)
FNDA:0,render
DA:1,0
DA:4,0
DA:8,0
DA:10,0
DA:12,0
DA:14,0
DA:16,0
DA:18,0
DA:20,0
DA:22,0
DA:24,0
DA:68,0
DA:71,0
DA:87,0
DA:90,0
DA:96,0
DA:97,0
DA:104,0
DA:105,0
DA:112,0
DA:113,0
DA:114,0
DA:115,0
DA:117,0
DA:119,0
DA:120,0
DA:121,0
DA:122,0
DA:123,0
DA:124,0
DA:126,0
DA:127,0
DA:128,0
DA:129,0
DA:130,0
DA:134,0
DA:135,0
DA:138,0
DA:141,0
DA:150,0
DA:151,0
DA:154,0
DA:155,0
DA:156,0
DA:209,0
DA:217,0
DA:219,0
DA:221,0
DA:222,0
DA:225,0
DA:238,0
DA:239,0
DA:240,0
DA:241,0
LF:54
LH:0
BRDA:24,0,0,0
BRDA:24,0,1,0
BRDA:24,1,0,0
BRDA:24,1,1,0
BRDA:74,2,0,0
BRDA:74,2,1,0
BRDA:75,3,0,0
BRDA:75,3,1,0
BRDA:77,4,0,0
BRDA:77,4,1,0
BRDA:87,5,0,0
BRDA:87,5,1,0
BRDA:90,6,0,0
BRDA:90,6,1,0
BRDA:112,7,0,0
BRDA:112,7,1,0
BRDA:112,8,0,0
BRDA:112,8,1,0
BRDA:120,9,0,0
BRDA:120,9,1,0
BRDA:124,10,0,0
BRDA:124,10,1,0
BRDA:127,11,0,0
BRDA:127,11,1,0
BRDA:221,12,0,0
BRDA:221,12,1,0
BRDA:238,13,0,0
BRDA:238,13,1,0
BRDA:239,14,0,0
BRDA:239,14,1,0
BRDA:240,15,0,0
BRDA:240,15,1,0
BRDA:240,16,0,0
BRDA:240,16,1,0
BRDA:240,17,0,0
BRDA:240,17,1,0
BRDA:241,18,0,0
BRDA:241,18,1,0
BRF:38
BRH:0
end_of_record
TN:
SF:/Users/shelley/hsbx/vue/src/components/pages/mine/Mine.vue
FN:1,(anonymous_0)
FN:12,data
FN:66,render
FN:66,(anonymous_3)
FNF:4
FNH:0
FNDA:0,(anonymous_0)
FNDA:0,data
FNDA:0,render
FNDA:0,(anonymous_3)
DA:1,0
DA:4,0
DA:8,0
DA:10,0
DA:13,0
DA:64,0
DA:65,0
DA:66,0
DA:67,0
LF:9
LH:0
BRDA:64,0,0,0
BRDA:64,0,1,0
BRDA:65,1,0,0
BRDA:65,1,1,0
BRDA:66,2,0,0
BRDA:66,2,1,0
BRF:6
BRH:0
end_of_record
TN:
SF:/Users/shelley/hsbx/vue/src/components/pages/mine/Q1.vue
FN:1,(anonymous_0)
FN:14,_interopRequireDefault
FN:25,data
FN:31,created
FN:42,render
FNF:5
FNH:0
FNDA:0,(anonymous_0)
FNDA:0,_interopRequireDefault
FNDA:0,data
FNDA:0,created
FNDA:0,render
DA:1,0
DA:4,0
DA:8,0
DA:10,0
DA:12,0
DA:14,0
DA:23,0
DA:26,0
DA:32,0
DA:40,0
DA:41,0
DA:42,0
DA:43,0
LF:13
LH:0
BRDA:14,0,0,0
BRDA:14,0,1,0
BRDA:14,1,0,0
BRDA:14,1,1,0
BRDA:40,2,0,0
BRDA:40,2,1,0
BRDA:41,3,0,0
BRDA:41,3,1,0
BRDA:42,4,0,0
BRDA:42,4,1,0
BRF:10
BRH:0
end_of_record
TN:
SF:/Users/shelley/hsbx/vue/src/components/pages/mine/Q2.vue
FN:1,(anonymous_0)
FN:14,_interopRequireDefault
FN:25,data
FN:31,created
FN:42,render
FNF:5
FNH:0
FNDA:0,(anonymous_0)
FNDA:0,_interopRequireDefault
FNDA:0,data
FNDA:0,created
FNDA:0,render
DA:1,0
DA:4,0
DA:8,0
DA:10,0
DA:12,0
DA:14,0
DA:23,0
DA:26,0
DA:32,0
DA:40,0
DA:41,0
DA:42,0
DA:43,0
LF:13
LH:0
BRDA:14,0,0,0
BRDA:14,0,1,0
BRDA:14,1,0,0
BRDA:14,1,1,0
BRDA:40,2,0,0
BRDA:40,2,1,0
BRDA:41,3,0,0
BRDA:41,3,1,0
BRDA:42,4,0,0
BRDA:42,4,1,0
BRF:10
BRH:0
end_of_record
TN:
SF:/Users/shelley/hsbx/vue/src/components/pages/mine/ServiceCenter.vue
FN:1,(anonymous_0)
FN:34,data
FN:47,created
FN:52,loadMore
FN:55,(anonymous_4)
FN:59,(anonymous_5)
FN:64,refresh
FN:67,(anonymous_7)
FN:70,(anonymous_8)
FN:71,(anonymous_9)
FN:94,render
FN:94,(anonymous_11)
FN:94,(anonymous_12)
FNF:13
FNH:0
FNDA:0,(anonymous_0)
FNDA:0,data
FNDA:0,created
FNDA:0,loadMore
FNDA:0,(anonymous_4)
FNDA:0,(anonymous_5)
FNDA:0,refresh
FNDA:0,(anonymous_7)
FNDA:0,(anonymous_8)
FNDA:0,(anonymous_9)
FNDA:0,render
FNDA:0,(anonymous_11)
FNDA:0,(anonymous_12)
DA:1,0
DA:4,0
DA:8,0
DA:10,0
DA:32,0
DA:35,0
DA:48,0
DA:53,0
DA:55,0
DA:56,0
DA:58,0
DA:59,0
DA:60,0
DA:65,0
DA:67,0
DA:68,0
DA:69,0
DA:70,0
DA:71,0
DA:72,0
DA:73,0
DA:92,0
DA:93,0
DA:94,0
DA:95,0
LF:25
LH:0
BRDA:73,0,0,0
BRDA:73,0,1,0
BRDA:92,1,0,0
BRDA:92,1,1,0
BRDA:93,2,0,0
BRDA:93,2,1,0
BRDA:94,3,0,0
BRDA:94,3,1,0
BRDA:94,4,0,0
BRDA:94,4,1,0
BRF:10
BRH:0
end_of_record
TN:
SF:/Users/shelley/hsbx/vue/src/components/pages/realcheck/Realcheck.vue
FN:1,(anonymous_0)
FN:32,_interopRequireDefault
FN:52,data
FN:61,upload
FN:69,upload
FN:79,created
FN:90,(anonymous_6)
FN:95,successFun
FN:96,(anonymous_8)
FN:103,(anonymous_9)
FN:105,(anonymous_10)
FN:109,failFun
FN:115,(anonymous_12)
FN:120,successFun
FN:121,(anonymous_14)
FN:127,(anonymous_15)
FN:129,(anonymous_16)
FN:133,failFun
FN:141,uploadCommon
FN:149,_loop
FN:158,(anonymous_20)
FN:187,next
FN:197,cancelHandler
FN:200,confirmHandler
FN:236,render
FNF:25
FNH:0
FNDA:0,(anonymous_0)
FNDA:0,_interopRequireDefault
FNDA:0,data
FNDA:0,upload
FNDA:0,upload
FNDA:0,created
FNDA:0,(anonymous_6)
FNDA:0,successFun
FNDA:0,(anonymous_8)
FNDA:0,(anonymous_9)
FNDA:0,(anonymous_10)
FNDA:0,failFun
FNDA:0,(anonymous_12)
FNDA:0,successFun
FNDA:0,(anonymous_14)
FNDA:0,(anonymous_15)
FNDA:0,(anonymous_16)
FNDA:0,failFun
FNDA:0,uploadCommon
FNDA:0,_loop
FNDA:0,(anonymous_20)
FNDA:0,next
FNDA:0,cancelHandler
FNDA:0,confirmHandler
FNDA:0,render
DA:1,0
DA:4,0
DA:8,0
DA:10,0
DA:12,0
DA:14,0
DA:16,0
DA:18,0
DA:20,0
DA:22,0
DA:24,0
DA:26,0
DA:28,0
DA:30,0
DA:32,0
DA:50,0
DA:53,0
DA:80,0
DA:82,0
DA:83,0
DA:84,0
DA:85,0
DA:86,0
DA:87,0
DA:88,0
DA:90,0
DA:91,0
DA:96,0
DA:97,0
DA:99,0
DA:100,0
DA:101,0
DA:102,0
DA:104,0
DA:106,0
DA:110,0
DA:115,0
DA:116,0
DA:121,0
DA:122,0
DA:123,0
DA:124,0
DA:125,0
DA:126,0
DA:128,0
DA:130,0
DA:134,0
DA:142,0
DA:144,0
DA:145,0
DA:146,0
DA:147,0
DA:149,0
DA:150,0
DA:151,0
DA:152,0
DA:155,0
DA:156,0
DA:157,0
DA:158,0
DA:159,0
DA:160,0
DA:161,0
DA:162,0
DA:165,0
DA:177,0
DA:181,0
DA:182,0
DA:184,0
DA:188,0
DA:189,0
DA:190,0
DA:191,0
DA:192,0
DA:198,0
DA:201,0
DA:202,0
DA:203,0
DA:204,0
DA:210,0
DA:212,0
DA:214,0
DA:215,0
DA:219,0
DA:222,0
DA:234,0
DA:235,0
DA:236,0
DA:237,0
LF:89
LH:0
BRDA:32,0,0,0
BRDA:32,0,1,0
BRDA:32,1,0,0
BRDA:32,1,1,0
BRDA:151,2,0,0
BRDA:151,2,1,0
BRDA:159,3,0,0
BRDA:159,3,1,0
BRDA:161,4,0,0
BRDA:161,4,1,0
BRDA:184,5,0,0
BRDA:184,5,1,0
BRDA:189,6,0,0
BRDA:189,6,1,0
BRDA:190,7,0,0
BRDA:190,7,1,0
BRDA:201,8,0,0
BRDA:201,8,1,0
BRDA:234,9,0,0
BRDA:234,9,1,0
BRDA:235,10,0,0
BRDA:235,10,1,0
BRDA:236,11,0,0
BRDA:236,11,1,0
BRF:24
BRH:0
end_of_record
TN:
SF:/Users/shelley/hsbx/vue/src/store/actions.js
FN:1,_interopRequireWildcard
FN:3,printCount
FN:8,increaseCount
FN:13,decreaseCount
FNF:4
FNH:0
FNDA:0,_interopRequireWildcard
FNDA:0,printCount
FNDA:0,increaseCount
FNDA:0,decreaseCount
DA:1,0
DA:3,0
DA:4,0
DA:8,0
DA:9,0
DA:13,0
DA:14,0
LF:7
LH:0
BRDA:1,0,0,0
BRDA:1,0,1,0
BRDA:1,1,0,0
BRDA:1,1,1,0
BRDA:1,2,0,0
BRDA:1,2,1,0
BRDA:1,3,0,0
BRDA:1,3,1,0
BRF:8
BRH:0
end_of_record
TN:
SF:/Users/shelley/hsbx/vue/src/store/index.js
FN:4,_interopRequireWildcard
FN:4,_interopRequireDefault
FNF:2
FNH:0
FNDA:0,_interopRequireWildcard
FNDA:0,_interopRequireDefault
DA:1,0
DA:2,0
DA:3,0
DA:4,0
DA:7,0
DA:9,0
LF:6
LH:0
BRDA:4,0,0,0
BRDA:4,0,1,0
BRDA:4,1,0,0
BRDA:4,1,1,0
BRDA:4,2,0,0
BRDA:4,2,1,0
BRDA:4,3,0,0
BRDA:4,3,1,0
BRDA:4,4,0,0
BRDA:4,4,1,0
BRDA:4,5,0,0
BRDA:4,5,1,0
BRF:12
BRH:0
end_of_record
TN:
SF:/Users/shelley/hsbx/vue/src/store/mutations.js
FNF:0
FNH:0
DA:1,0
DA:2,0
DA:3,0
LF:3
LH:0
BRF:0
BRH:0
end_of_record
TN:
SF:/Users/shelley/hsbx/vue/src/store/modules/count.js
FN:1,_interopRequireWildcard
FN:1,_interopRequireDefault
FN:10,increaseCount
FN:13,decreaseCount
FN:16,printCount
FN:36,(anonymous_5)
FN:39,(anonymous_6)
FN:42,(anonymous_7)
FNF:8
FNH:0
FNDA:0,_interopRequireWildcard
FNDA:0,_interopRequireDefault
FNDA:0,increaseCount
FNDA:0,decreaseCount
FNDA:0,printCount
FNDA:0,(anonymous_5)
FNDA:0,(anonymous_6)
FNDA:0,(anonymous_7)
DA:1,0
DA:4,0
DA:9,0
DA:11,0
DA:14,0
DA:17,0
DA:22,0
DA:35,0
DA:37,0
DA:40,0
DA:43,0
DA:44,0
LF:12
LH:0
BRDA:1,0,0,0
BRDA:1,0,1,0
BRDA:1,1,0,0
BRDA:1,1,1,0
BRDA:1,2,0,0
BRDA:1,2,1,0
BRDA:1,3,0,0
BRDA:1,3,1,0
BRDA:1,4,0,0
BRDA:1,4,1,0
BRDA:1,5,0,0
BRDA:1,5,1,0
BRF:12
BRH:0
end_of_record
